.
.DIR

LIB8  .RL  29               FLOAT .RL   5               POWERS.RL   3
INTEGR.RL   2               IPOWRS.RL   2               SQRT  .RL   2
TRIG  .RL   2               ATAN  .RL   2               RWTAPE.RL   2
IOPEN .RL   2               GENIOX.RL   3               DIRECT.SV   7
RXCOPY.SV   9               CREF  .SV  13               SRCCOM.SV   5
MCPIP .SV  13               PIP10 .SV  17               PAL8  .SV  19
BITMAP.SV   5               CAMP  .SV  13               EPIC  .SV  14
ABSLDR.SV   6               BUILD .SV  37               BOOT  .SV   5
FOTP  .SV   8               PIP   .SV  11               RESORC.SV  14
CCL   .SV  31               LOADER.SV  12               SABR  .SV  24
FORT  .SV  25               LIBSET.SV   5               IOH   .RL   7
UTILTY.RL   3               BRTS  .SV  15               BASIC .SV   9
BCOMP .SV  17               BLOAD .SV   8               BASIC .AF   4
BASIC .SF   4               BASIC .FF   4               BASIC .UF   4
RESEQ .BA   6               SET   .SV  14               GENIOX.SB  14
BATCH .SV  10               HELP  .SV   8               MSBAT .SV  23
TECO  .SV  22               FUTIL .SV  27               HELP  .HL  55
BPAT  .BN   1               EABRTS.BN  24               F4    .SV  20
PASS2 .SV  20               PASS2O.SV   5               PASS3 .SV   8
RALF  .SV  19               FORLIB.RL 170               FRTS  .SV  26
EDIT  .SV  10               LOAD  .SV  16               LIBRA .SV  11
FPAT  .BN   1

   0 FREE BLOCKS

.RESORC
SYS,DSK,RXA0,RXA1,LPT,BAT,TTY,RL0A,RL0B,RL1A,RL1B,RL0C,RL1C

.
