RX02 Emulator v1.94 (IDE 1.8.13/gcc 7.3.0) - Jul 13 2021 - 20:37:20
SD: libVersion=2.0.6
SD: cardType=SD3
SD: cardSize=3781MB
SD: volType=FAT32
SD: volBytesPerCluster=4096
SD: volClusterCount=964992
SD: volSizeBytes=3768MB
2000-01-01 01:00         50 SETUP.INI
2000-01-01 01:00     256256 RX0.RX1
2000-01-01 01:00     256256 RX1.RX1
2000-01-01 01:00     512512 RX0.RX2
2000-01-01 01:00     512512 RX1.RX2
2020-04-22 17:05     256256 RX0.DSK
2016-09-24 18:36     512512 XXDP.DSK
2016-09-26 15:37     512512 RT11.DSK
2016-10-24 12:31     256256 OS8V3Q.RX1
2020-04-22 17:05     256256 RX1.DSK
2009-02-02 00:00     512512 OS8V3D.RX2
Valid MicroSD card detected.
RX: waiting for INIT to clear ... t=1136ms
RX: INIT has cleared t=1137ms
RX: INIT rx_xmit_es(0214)

Processing setup file 'SETUP.INI' ...
0 RX0.DSK
Setting file[0]: 'RX0.DSK'
Y 0
Setting file[0] mode: R/W
1 RX1.DSK
Setting file[1]: 'RX1.DSK'
Y 1
Setting file[1] mode: R/W
D 1
Setting debug mode: 1 (Low)
M 2
Setting emulation mode: 2 (RX02+any)
T 0
Setting timing mode: 0 (Fastest)
S
Current file[0]: 'RX0.DSK' (R/W)
Current file[1]: 'RX1.DSK' (R/W)
... setup file processing complete!

Initialization complete.

0 OS8V3D.RX2
Setting file[0]: 'OS8V3D.RX2'
M 2
Setting emulation mode: 2 (RX02+any)

RX: waiting for INIT to clear ... t=37276ms
RX: INIT has cleared t=37833ms
RX: INIT rx_xmit_es(0254)

RX: cmd=0406
RX: RDSECT unit=0 den=D
RX: RDSECT sa=001
RX: RDSECT ta=001
RX: RDSECT pos=6656. len=256.
RX: RDSECT rx_xmit_es(0050)

RX: cmd=0402
RX: EMPBUF unit=0 den=D
RX: EMPBUF wc=100
RX: EMPBUF rx_xmit_es(0010)

RX: cmd=0406
RX: RDSECT unit=0 den=D
RX: RDSECT sa=004
RX: RDSECT ta=001
RX: RDSECT pos=7424. len=256.
RX: RDSECT rx_xmit_es(0050)

RX: cmd=0402
RX: EMPBUF unit=0 den=D
RX: EMPBUF wc=100
RX: EMPBUF rx_xmit_es(0010)

RX: cmd=0406
RX: RDSECT unit=0 den=D
RX: RDSECT sa=015
RX: RDSECT ta=005
RX: RDSECT pos=36352. len=256.
RX: RDSECT rx_xmit_es(0050)

RX: cmd=0402
RX: EMPBUF unit=0 den=D
RX: EMPBUF wc=100
RX: EMPBUF rx_xmit_es(0010)

RX: cmd=0406
RX: RDSECT unit=0 den=D
RX: RDSECT sa=020
RX: RDSECT ta=005
RX: RDSECT pos=37120. len=256.
RX: RDSECT rx_xmit_es(0050)

RX: cmd=0402
RX: EMPBUF unit=0 den=D
RX: EMPBUF wc=100
RX: EMPBUF rx_xmit_es(0010)

RX: cmd=0416
RX: RDERRC unit=0 den=D
RX: RDERRC rx_xmit_es(0050)

RX: cmd=0406
RX: RDSECT unit=0 den=D
RX: RDSECT sa=021
RX: RDSECT ta=001
RX: RDSECT pos=10752. len=256.
RX: RDSECT rx_xmit_es(0050)

RX: cmd=0416
RX: RDERRC unit=0 den=D
RX: RDERRC rx_xmit_es(0050)

RX: cmd=0402
RX: EMPBUF unit=0 den=D
RX: EMPBUF wc=100
RX: EMPBUF rx_xmit_es(0010)

RX: cmd=0406
RX: RDSECT unit=0 den=D
RX: RDSECT sa=024
RX: RDSECT ta=001
RX: RDSECT pos=11520. len=256.
RX: RDSECT rx_xmit_es(0050)

RX: cmd=0416
RX: RDERRC unit=0 den=D
RX: RDERRC rx_xmit_es(0050)

RX: cmd=0402
RX: EMPBUF unit=0 den=D
RX: EMPBUF wc=100
RX: EMPBUF rx_xmit_es(0010)

RX: cmd=0406
RX: RDSECT unit=0 den=D
RX: RDSECT sa=027
RX: RDSECT ta=001
RX: RDSECT pos=12288. len=256.
RX: RDSECT rx_xmit_es(0050)

RX: cmd=0416
RX: RDERRC unit=0 den=D
RX: RDERRC rx_xmit_es(0050)

RX: cmd=0402
RX: EMPBUF unit=0 den=D
RX: EMPBUF wc=100
RX: EMPBUF rx_xmit_es(0010)

RX: cmd=0406
RX: RDSECT unit=0 den=D
RX: RDSECT sa=032
RX: RDSECT ta=001
RX: RDSECT pos=13056. len=256.
RX: RDSECT rx_xmit_es(0050)

RX: cmd=0416
RX: RDERRC unit=0 den=D
RX: RDERRC rx_xmit_es(0050)

RX: cmd=0402
RX: EMPBUF unit=0 den=D
RX: EMPBUF wc=100
RX: EMPBUF rx_xmit_es(0010)

RX: cmd=0406
RX: RDSECT unit=0 den=D
RX: RDSECT sa=003
RX: RDSECT ta=001
RX: RDSECT pos=7168. len=256.
RX: RDSECT rx_xmit_es(0050)

RX: cmd=0416
RX: RDERRC unit=0 den=D
RX: RDERRC rx_xmit_es(0050)

RX: cmd=0402
RX: EMPBUF unit=0 den=D
RX: EMPBUF wc=100
RX: EMPBUF rx_xmit_es(0010)

RX: cmd=0406
RX: RDSECT unit=0 den=D
RX: RDSECT sa=006
RX: RDSECT ta=001
RX: RDSECT pos=7936. len=256.
RX: RDSECT rx_xmit_es(0050)

RX: cmd=0416
RX: RDERRC unit=0 den=D
RX: RDERRC rx_xmit_es(0050)

RX: cmd=0402
RX: EMPBUF unit=0 den=D
RX: EMPBUF wc=100
RX: EMPBUF rx_xmit_es(0010)

RX: cmd=0406
RX: RDSECT unit=0 den=D
RX: RDSECT sa=011
RX: RDSECT ta=001
RX: RDSECT pos=8704. len=256.
RX: RDSECT rx_xmit_es(0050)

RX: cmd=0416
RX: RDERRC unit=0 den=D
RX: RDERRC rx_xmit_es(0050)

RX: cmd=0402
RX: EMPBUF unit=0 den=D
RX: EMPBUF wc=100
RX: EMPBUF rx_xmit_es(0010)

RX: cmd=0406
RX: RDSECT unit=0 den=D
RX: RDSECT sa=014
RX: RDSECT ta=001
RX: RDSECT pos=9472. len=256.
RX: RDSECT rx_xmit_es(0050)

RX: cmd=0416
RX: RDERRC unit=0 den=D
RX: RDERRC rx_xmit_es(0050)

RX: cmd=0402
RX: EMPBUF unit=0 den=D
RX: EMPBUF wc=100
RX: EMPBUF rx_xmit_es(0010)

