
RX: cmd=0406
RX: RDSECT unit=0 den=D
RX: RDSECT sa=017
RX: RDSECT ta=001
RX: RDSECT pos=10240. len=256.
RX: RDSECT rx_xmit_es(0050)

RX: cmd=0416
RX: RDERRC unit=0 den=D
RX: RDERRC rx_xmit_es(0050)

RX: cmd=0402
RX: EMPBUF unit=0 den=D
RX: EMPBUF wc=100
RX: EMPBUF rx_xmit_es(0010)

RX: cmd=0406
RX: RDSECT unit=0 den=D
RX: RDSECT sa=022
RX: RDSECT ta=001
RX: RDSECT pos=11008. len=256.
RX: RDSECT rx_xmit_es(0050)

RX: cmd=0416
RX: RDERRC unit=0 den=D
RX: RDERRC rx_xmit_es(0050)

RX: cmd=0402
RX: EMPBUF unit=0 den=D
RX: EMPBUF wc=100
RX: EMPBUF rx_xmit_es(0010)

RX: cmd=0406
RX: RDSECT unit=0 den=D
RX: RDSECT sa=025
RX: RDSECT ta=001
RX: RDSECT pos=11776. len=256.
RX: RDSECT rx_xmit_es(0050)

RX: cmd=0416
RX: RDERRC unit=0 den=D
RX: RDERRC rx_xmit_es(0050)

RX: cmd=0402
RX: EMPBUF unit=0 den=D
RX: EMPBUF wc=100
RX: EMPBUF rx_xmit_es(0010)

RX: cmd=0406
RX: RDSECT unit=0 den=D
RX: RDSECT sa=030
RX: RDSECT ta=001
RX: RDSECT pos=12544. len=256.
RX: RDSECT rx_xmit_es(0050)

RX: cmd=0416
RX: RDERRC unit=0 den=D
RX: RDERRC rx_xmit_es(0050)

RX: cmd=0402
RX: EMPBUF unit=0 den=D
RX: EMPBUF wc=100
RX: EMPBUF rx_xmit_es(0010)

RX: cmd=0406
RX: RDSECT unit=0 den=D
RX: RDSECT sa=001
RX: RDSECT ta=002
RX: RDSECT pos=13312. len=256.
RX: RDSECT rx_xmit_es(0050)

RX: cmd=0416
RX: RDERRC unit=0 den=D
RX: RDERRC rx_xmit_es(0050)

RX: cmd=0402
RX: EMPBUF unit=0 den=D
RX: EMPBUF wc=100
RX: EMPBUF rx_xmit_es(0010)

RX: cmd=0406
RX: RDSECT unit=0 den=D
RX: RDSECT sa=004
RX: RDSECT ta=002
RX: RDSECT pos=14080. len=256.
RX: RDSECT rx_xmit_es(0050)

RX: cmd=0416
RX: RDERRC unit=0 den=D
RX: RDERRC rx_xmit_es(0050)

RX: cmd=0402
RX: EMPBUF unit=0 den=D
RX: EMPBUF wc=100
RX: EMPBUF rx_xmit_es(0010)

RX: cmd=0406
RX: RDSECT unit=0 den=D
RX: RDSECT sa=023
RX: RDSECT ta=005
RX: RDSECT pos=37888. len=256.
RX: RDSECT rx_xmit_es(0050)

RX: cmd=0416
RX: RDERRC unit=0 den=D
RX: RDERRC rx_xmit_es(0050)

RX: cmd=0402
RX: EMPBUF unit=0 den=D
RX: EMPBUF wc=100
RX: EMPBUF rx_xmit_es(0010)

RX: cmd=0406
RX: RDSECT unit=0 den=D
RX: RDSECT sa=026
RX: RDSECT ta=005
RX: RDSECT pos=38656. len=256.
RX: RDSECT rx_xmit_es(0050)

RX: cmd=0416
RX: RDERRC unit=0 den=D
RX: RDERRC rx_xmit_es(0050)

RX: cmd=0402
RX: EMPBUF unit=0 den=D
RX: EMPBUF wc=100
RX: EMPBUF rx_xmit_es(0010)

RX: cmd=0406
RX: RDSECT unit=0 den=D
RX: RDSECT sa=007
RX: RDSECT ta=001
RX: RDSECT pos=8192. len=256.
RX: RDSECT rx_xmit_es(0050)

RX: cmd=0416
RX: RDERRC unit=0 den=D
RX: RDERRC rx_xmit_es(0050)

RX: cmd=0402
RX: EMPBUF unit=0 den=D
RX: EMPBUF wc=100
RX: EMPBUF rx_xmit_es(0010)

RX: cmd=0406
RX: RDSECT unit=0 den=D
RX: RDSECT sa=012
RX: RDSECT ta=001
RX: RDSECT pos=8960. len=256.
RX: RDSECT rx_xmit_es(0050)

RX: cmd=0416
RX: RDERRC unit=0 den=D
RX: RDERRC rx_xmit_es(0050)

RX: cmd=0402
RX: EMPBUF unit=0 den=D
RX: EMPBUF wc=100
RX: EMPBUF rx_xmit_es(0010)

RX: cmd=0406
RX: RDSECT unit=0 den=D
RX: RDSECT sa=027
RX: RDSECT ta=030
RX: RDSECT pos=165376. len=256.
RX: RDSECT rx_xmit_es(0050)

RX: cmd=0416
RX: RDERRC unit=0 den=D
RX: RDERRC rx_xmit_es(0050)

RX: cmd=0402
RX: EMPBUF unit=0 den=D
RX: EMPBUF wc=100
RX: EMPBUF rx_xmit_es(0010)

RX: cmd=0406
RX: RDSECT unit=0 den=D
RX: RDSECT sa=032
RX: RDSECT ta=030
RX: RDSECT pos=166144. len=256.
RX: RDSECT rx_xmit_es(0050)

RX: cmd=0416
RX: RDERRC unit=0 den=D
RX: RDERRC rx_xmit_es(0050)

RX: cmd=0402
RX: EMPBUF unit=0 den=D
RX: EMPBUF wc=100
RX: EMPBUF rx_xmit_es(0010)

RX: cmd=0406
RX: RDSECT unit=0 den=D
RX: RDSECT sa=003
RX: RDSECT ta=030
RX: RDSECT pos=160256. len=256.
RX: RDSECT rx_xmit_es(0050)

RX: cmd=0416
RX: RDERRC unit=0 den=D
RX: RDERRC rx_xmit_es(0050)

RX: cmd=0402
RX: EMPBUF unit=0 den=D
RX: EMPBUF wc=100
RX: EMPBUF rx_xmit_es(0010)

RX: cmd=0406
RX: RDSECT unit=0 den=D
RX: RDSECT sa=006
RX: RDSECT ta=030
RX: RDSECT pos=161024. len=256.
RX: RDSECT rx_xmit_es(0050)

RX: cmd=0416
RX: RDERRC unit=0 den=D
RX: RDERRC rx_xmit_es(0050)

RX: cmd=0402
RX: EMPBUF unit=0 den=D
RX: EMPBUF wc=100
RX: EMPBUF rx_xmit_es(0010)

RX: cmd=0406
RX: RDSECT unit=0 den=D
RX: RDSECT sa=011
RX: RDSECT ta=030
RX: RDSECT pos=161792. len=256.
RX: RDSECT rx_xmit_es(0050)

RX: cmd=0416
RX: RDERRC unit=0 den=D
RX: RDERRC rx_xmit_es(0050)

RX: cmd=0402
RX: EMPBUF unit=0 den=D
RX: EMPBUF wc=100
RX: EMPBUF rx_xmit_es(0010)

RX: cmd=0406
RX: RDSECT unit=0 den=D
RX: RDSECT sa=014
RX: RDSECT ta=030
RX: RDSECT pos=162560. len=256.
RX: RDSECT rx_xmit_es(0050)

RX: cmd=0416
RX: RDERRC unit=0 den=D
RX: RDERRC rx_xmit_es(0050)

RX: cmd=0402
RX: EMPBUF unit=0 den=D
RX: EMPBUF wc=100
RX: EMPBUF rx_xmit_es(0010)

RX: cmd=0406
RX: RDSECT unit=0 den=D
RX: RDSECT sa=017
RX: RDSECT ta=030
RX: RDSECT pos=163328. len=256.
RX: RDSECT rx_xmit_es(0050)

RX: cmd=0416
RX: RDERRC unit=0 den=D
RX: RDERRC rx_xmit_es(0050)

RX: cmd=0402
RX: EMPBUF unit=0 den=D
RX: EMPBUF wc=100
RX: EMPBUF rx_xmit_es(0010)

RX: cmd=0406
RX: RDSECT unit=0 den=D
RX: RDSECT sa=022
RX: RDSECT ta=030
RX: RDSECT pos=164096. len=256.
RX: RDSECT rx_xmit_es(0050)

RX: cmd=0416
RX: RDERRC unit=0 den=D
RX: RDERRC rx_xmit_es(0050)

RX: cmd=0402
RX: EMPBUF unit=0 den=D
RX: EMPBUF wc=100
RX: EMPBUF rx_xmit_es(0010)

RX: cmd=0406
RX: RDSECT unit=0 den=D
RX: RDSECT sa=025
RX: RDSECT ta=030
RX: RDSECT pos=164864. len=256.
RX: RDSECT rx_xmit_es(0050)

RX: cmd=0416
RX: RDERRC unit=0 den=D
RX: RDERRC rx_xmit_es(0050)

RX: cmd=0402
RX: EMPBUF unit=0 den=D
RX: EMPBUF wc=100
RX: EMPBUF rx_xmit_es(0010)

RX: cmd=0406
RX: RDSECT unit=0 den=D
RX: RDSECT sa=030
RX: RDSECT ta=030
RX: RDSECT pos=165632. len=256.
RX: RDSECT rx_xmit_es(0050)

RX: cmd=0416
RX: RDERRC unit=0 den=D
RX: RDERRC rx_xmit_es(0050)

RX: cmd=0402
RX: EMPBUF unit=0 den=D
RX: EMPBUF wc=100
RX: EMPBUF rx_xmit_es(0010)

RX: cmd=0406
RX: RDSECT unit=0 den=D
RX: RDSECT sa=001
RX: RDSECT ta=031
RX: RDSECT pos=166400. len=256.
RX: RDSECT rx_xmit_es(0050)

RX: cmd=0416
RX: RDERRC unit=0 den=D
RX: RDERRC rx_xmit_es(0050)

RX: cmd=0402
RX: EMPBUF unit=0 den=D
RX: EMPBUF wc=100
RX: EMPBUF rx_xmit_es(0010)

RX: cmd=0406
RX: RDSECT unit=0 den=D
RX: RDSECT sa=004
RX: RDSECT ta=031
RX: RDSECT pos=167168. len=256.
RX: RDSECT rx_xmit_es(0050)

RX: cmd=0416
RX: RDERRC unit=0 den=D
RX: RDERRC rx_xmit_es(0050)

RX: cmd=0402
RX: EMPBUF unit=0 den=D
RX: EMPBUF wc=100
RX: EMPBUF rx_xmit_es(0010)

RX: cmd=0406
RX: RDSECT unit=0 den=D
RX: RDSECT sa=007
RX: RDSECT ta=031
RX: RDSECT pos=167936. len=256.
RX: RDSECT rx_xmit_es(0050)

RX: cmd=0416
RX: RDERRC unit=0 den=D
RX: RDERRC rx_xmit_es(0050)

RX: cmd=0402
RX: EMPBUF unit=0 den=D
RX: EMPBUF wc=100
RX: EMPBUF rx_xmit_es(0010)

RX: cmd=0406
RX: RDSECT unit=0 den=D
RX: RDSECT sa=012
RX: RDSECT ta=031
RX: RDSECT pos=168704. len=256.
RX: RDSECT rx_xmit_es(0050)

RX: cmd=0416
RX: RDERRC unit=0 den=D
RX: RDERRC rx_xmit_es(0050)

RX: cmd=0402
RX: EMPBUF unit=0 den=D
RX: EMPBUF wc=100
RX: EMPBUF rx_xmit_es(0010)

RX: cmd=0406
RX: RDSECT unit=0 den=D
RX: RDSECT sa=015
RX: RDSECT ta=031
RX: RDSECT pos=169472. len=256.
RX: RDSECT rx_xmit_es(0050)

RX: cmd=0416
RX: RDERRC unit=0 den=D
RX: RDERRC rx_xmit_es(0050)

RX: cmd=0402
RX: EMPBUF unit=0 den=D
RX: EMPBUF wc=100
RX: EMPBUF rx_xmit_es(0010)

RX: cmd=0406
RX: RDSECT unit=0 den=D
RX: RDSECT sa=020
RX: RDSECT ta=031
RX: RDSECT pos=170240. len=256.
RX: RDSECT rx_xmit_es(0050)

RX: cmd=0416
RX: RDERRC unit=0 den=D
RX: RDERRC rx_xmit_es(0050)

RX: cmd=0402
RX: EMPBUF unit=0 den=D
RX: EMPBUF wc=100
RX: EMPBUF rx_xmit_es(0010)

RX: cmd=0406
RX: RDSECT unit=0 den=D
RX: RDSECT sa=023
RX: RDSECT ta=031
RX: RDSECT pos=171008. len=256.
RX: RDSECT rx_xmit_es(0050)

RX: cmd=0416
RX: RDERRC unit=0 den=D
RX: RDERRC rx_xmit_es(0050)

RX: cmd=0402
RX: EMPBUF unit=0 den=D
RX: EMPBUF wc=100
RX: EMPBUF rx_xmit_es(0010)

RX: cmd=0406
RX: RDSECT unit=0 den=D
RX: RDSECT sa=026
RX: RDSECT ta=031
RX: RDSECT pos=171776. len=256.
RX: RDSECT rx_xmit_es(0050)

RX: cmd=0416
RX: RDERRC unit=0 den=D
RX: RDERRC rx_xmit_es(0050)

RX: cmd=0402
RX: EMPBUF unit=0 den=D
RX: EMPBUF wc=100
RX: EMPBUF rx_xmit_es(0010)

RX: cmd=0406
RX: RDSECT unit=0 den=D
RX: RDSECT sa=031
RX: RDSECT ta=031
RX: RDSECT pos=172544. len=256.
RX: RDSECT rx_xmit_es(0050)

RX: cmd=0416
RX: RDERRC unit=0 den=D
RX: RDERRC rx_xmit_es(0050)

RX: cmd=0402
RX: EMPBUF unit=0 den=D
RX: EMPBUF wc=100
RX: EMPBUF rx_xmit_es(0010)

RX: cmd=0406
RX: RDSECT unit=0 den=D
RX: RDSECT sa=002
RX: RDSECT ta=031
RX: RDSECT pos=166656. len=256.
RX: RDSECT rx_xmit_es(0050)

RX: cmd=0416
RX: RDERRC unit=0 den=D
RX: RDERRC rx_xmit_es(0050)

RX: cmd=0402
RX: EMPBUF unit=0 den=D
RX: EMPBUF wc=100
RX: EMPBUF rx_xmit_es(0010)

RX: cmd=0406
RX: RDSECT unit=0 den=D
RX: RDSECT sa=005
RX: RDSECT ta=031
RX: RDSECT pos=167424. len=256.
RX: RDSECT rx_xmit_es(0050)

RX: cmd=0416
RX: RDERRC unit=0 den=D
RX: RDERRC rx_xmit_es(0050)

RX: cmd=0402
RX: EMPBUF unit=0 den=D
RX: EMPBUF wc=100
RX: EMPBUF rx_xmit_es(0010)

RX: cmd=0406
RX: RDSECT unit=0 den=D
RX: RDSECT sa=010
RX: RDSECT ta=031
RX: RDSECT pos=168192. len=256.
RX: RDSECT rx_xmit_es(0050)

RX: cmd=0416
RX: RDERRC unit=0 den=D
RX: RDERRC rx_xmit_es(0050)

RX: cmd=0402
RX: EMPBUF unit=0 den=D
RX: EMPBUF wc=100
RX: EMPBUF rx_xmit_es(0010)

RX: cmd=0406
RX: RDSECT unit=0 den=D
RX: RDSECT sa=013
RX: RDSECT ta=031
RX: RDSECT pos=168960. len=256.
RX: RDSECT rx_xmit_es(0050)

RX: cmd=0416
RX: RDERRC unit=0 den=D
RX: RDERRC rx_xmit_es(0050)

RX: cmd=0402
RX: EMPBUF unit=0 den=D
RX: EMPBUF wc=100
RX: EMPBUF rx_xmit_es(0010)

RX: cmd=0406
RX: RDSECT unit=0 den=D
RX: RDSECT sa=007
RX: RDSECT ta=031
RX: RDSECT pos=167936. len=256.
RX: RDSECT rx_xmit_es(0050)

RX: cmd=0416
RX: RDERRC unit=0 den=D
RX: RDERRC rx_xmit_es(0050)

RX: cmd=0402
RX: EMPBUF unit=0 den=D
RX: EMPBUF wc=100
RX: EMPBUF rx_xmit_es(0010)

RX: cmd=0406
RX: RDSECT unit=0 den=D
RX: RDSECT sa=012
RX: RDSECT ta=031
RX: RDSECT pos=168704. len=256.
RX: RDSECT rx_xmit_es(0050)

RX: cmd=0416
RX: RDERRC unit=0 den=D
RX: RDERRC rx_xmit_es(0050)

RX: cmd=0402
RX: EMPBUF unit=0 den=D
RX: EMPBUF wc=100
RX: EMPBUF rx_xmit_es(0010)

RX: cmd=0406
RX: RDSECT unit=0 den=D
RX: RDSECT sa=015
RX: RDSECT ta=031
RX: RDSECT pos=169472. len=256.
RX: RDSECT rx_xmit_es(0050)

RX: cmd=0416
RX: RDERRC unit=0 den=D
RX: RDERRC rx_xmit_es(0050)

RX: cmd=0402
RX: EMPBUF unit=0 den=D
RX: EMPBUF wc=100
RX: EMPBUF rx_xmit_es(0010)

RX: cmd=0406
RX: RDSECT unit=0 den=D
RX: RDSECT sa=020
RX: RDSECT ta=031
RX: RDSECT pos=170240. len=256.
RX: RDSECT rx_xmit_es(0050)

RX: cmd=0416
RX: RDERRC unit=0 den=D
RX: RDERRC rx_xmit_es(0050)

RX: cmd=0402
RX: EMPBUF unit=0 den=D
RX: EMPBUF wc=100
RX: EMPBUF rx_xmit_es(0010)

RX: cmd=0406
RX: RDSECT unit=0 den=D
RX: RDSECT sa=023
RX: RDSECT ta=031
RX: RDSECT pos=171008. len=256.
RX: RDSECT rx_xmit_es(0050)

RX: cmd=0416
RX: RDERRC unit=0 den=D
RX: RDERRC rx_xmit_es(0050)

RX: cmd=0402
RX: EMPBUF unit=0 den=D
RX: EMPBUF wc=100
RX: EMPBUF rx_xmit_es(0010)

RX: cmd=0406
RX: RDSECT unit=0 den=D
RX: RDSECT sa=026
RX: RDSECT ta=031
RX: RDSECT pos=171776. len=256.
RX: RDSECT rx_xmit_es(0050)

RX: cmd=0416
RX: RDERRC unit=0 den=D
RX: RDERRC rx_xmit_es(0050)

RX: cmd=0402
RX: EMPBUF unit=0 den=D
RX: EMPBUF wc=100
RX: EMPBUF rx_xmit_es(0010)

RX: cmd=0406
RX: RDSECT unit=0 den=D
RX: RDSECT sa=031
RX: RDSECT ta=031
RX: RDSECT pos=172544. len=256.
RX: RDSECT rx_xmit_es(0050)

RX: cmd=0416
RX: RDERRC unit=0 den=D
RX: RDERRC rx_xmit_es(0050)

RX: cmd=0402
RX: EMPBUF unit=0 den=D
RX: EMPBUF wc=100
RX: EMPBUF rx_xmit_es(0010)

RX: cmd=0406
RX: RDSECT unit=0 den=D
RX: RDSECT sa=002
RX: RDSECT ta=031
RX: RDSECT pos=166656. len=256.
RX: RDSECT rx_xmit_es(0050)

RX: cmd=0416
RX: RDERRC unit=0 den=D
RX: RDERRC rx_xmit_es(0050)

RX: cmd=0402
RX: EMPBUF unit=0 den=D
RX: EMPBUF wc=100
RX: EMPBUF rx_xmit_es(0010)

RX: cmd=0406
RX: RDSECT unit=0 den=D
RX: RDSECT sa=005
RX: RDSECT ta=031
RX: RDSECT pos=167424. len=256.
RX: RDSECT rx_xmit_es(0050)

RX: cmd=0416
RX: RDERRC unit=0 den=D
RX: RDERRC rx_xmit_es(0050)

RX: cmd=0402
RX: EMPBUF unit=0 den=D
RX: EMPBUF wc=100
RX: EMPBUF rx_xmit_es(0010)

RX: cmd=0406
RX: RDSECT unit=0 den=D
RX: RDSECT sa=010
RX: RDSECT ta=031
RX: RDSECT pos=168192. len=256.
RX: RDSECT rx_xmit_es(0050)

RX: cmd=0416
RX: RDERRC unit=0 den=D
RX: RDERRC rx_xmit_es(0050)

RX: cmd=0402
RX: EMPBUF unit=0 den=D
RX: EMPBUF wc=100
RX: EMPBUF rx_xmit_es(0010)

RX: cmd=0406
RX: RDSECT unit=0 den=D
RX: RDSECT sa=013
RX: RDSECT ta=031
RX: RDSECT pos=168960. len=256.
RX: RDSECT rx_xmit_es(0050)

RX: cmd=0416
RX: RDERRC unit=0 den=D
RX: RDERRC rx_xmit_es(0050)

RX: cmd=0402
RX: EMPBUF unit=0 den=D
RX: EMPBUF wc=100
RX: EMPBUF rx_xmit_es(0010)

RX: cmd=0406
RX: RDSECT unit=0 den=D
RX: RDSECT sa=015
RX: RDSECT ta=032
RX: RDSECT pos=176128. len=256.
RX: RDSECT rx_xmit_es(0050)

RX: cmd=0416
RX: RDERRC unit=0 den=D
RX: RDERRC rx_xmit_es(0050)

RX: cmd=0402
RX: EMPBUF unit=0 den=D
RX: EMPBUF wc=100
RX: EMPBUF rx_xmit_es(0010)

RX: cmd=0406
RX: RDSECT unit=0 den=D
RX: RDSECT sa=020
RX: RDSECT ta=032
RX: RDSECT pos=176896. len=256.
RX: RDSECT rx_xmit_es(0050)

RX: cmd=0416
RX: RDERRC unit=0 den=D
RX: RDERRC rx_xmit_es(0050)

RX: cmd=0402
RX: EMPBUF unit=0 den=D
RX: EMPBUF wc=100
RX: EMPBUF rx_xmit_es(0010)

RX: cmd=0406
RX: RDSECT unit=0 den=D
RX: RDSECT sa=023
RX: RDSECT ta=032
RX: RDSECT pos=177664. len=256.
RX: RDSECT rx_xmit_es(0050)

RX: cmd=0416
RX: RDERRC unit=0 den=D
RX: RDERRC rx_xmit_es(0050)

RX: cmd=0402
RX: EMPBUF unit=0 den=D
RX: EMPBUF wc=100
RX: EMPBUF rx_xmit_es(0010)

RX: cmd=0406
RX: RDSECT unit=0 den=D
RX: RDSECT sa=026
RX: RDSECT ta=032
RX: RDSECT pos=178432. len=256.
RX: RDSECT rx_xmit_es(0050)

RX: cmd=0416
RX: RDERRC unit=0 den=D
RX: RDERRC rx_xmit_es(0050)

RX: cmd=0402
RX: EMPBUF unit=0 den=D
RX: EMPBUF wc=100
RX: EMPBUF rx_xmit_es(0010)

RX: cmd=0406
RX: RDSECT unit=0 den=D
RX: RDSECT sa=031
RX: RDSECT ta=032
RX: RDSECT pos=179200. len=256.
RX: RDSECT rx_xmit_es(0050)

RX: cmd=0416
RX: RDERRC unit=0 den=D
RX: RDERRC rx_xmit_es(0050)

RX: cmd=0402
RX: EMPBUF unit=0 den=D
RX: EMPBUF wc=100
RX: EMPBUF rx_xmit_es(0010)

RX: cmd=0406
RX: RDSECT unit=0 den=D
RX: RDSECT sa=002
RX: RDSECT ta=032
RX: RDSECT pos=173312. len=256.
RX: RDSECT rx_xmit_es(0050)

RX: cmd=0416
RX: RDERRC unit=0 den=D
RX: RDERRC rx_xmit_es(0050)

RX: cmd=0402
RX: EMPBUF unit=0 den=D
RX: EMPBUF wc=100
RX: EMPBUF rx_xmit_es(0010)

RX: cmd=0406
RX: RDSECT unit=0 den=D
RX: RDSECT sa=005
RX: RDSECT ta=032
RX: RDSECT pos=174080. len=256.
RX: RDSECT rx_xmit_es(0050)

RX: cmd=0416
RX: RDERRC unit=0 den=D
RX: RDERRC rx_xmit_es(0050)

RX: cmd=0402
RX: EMPBUF unit=0 den=D
RX: EMPBUF wc=100
RX: EMPBUF rx_xmit_es(0010)

RX: cmd=0406
RX: RDSECT unit=0 den=D
RX: RDSECT sa=010
RX: RDSECT ta=032
RX: RDSECT pos=174848. len=256.
RX: RDSECT rx_xmit_es(0050)

RX: cmd=0416
RX: RDERRC unit=0 den=D
RX: RDERRC rx_xmit_es(0050)

RX: cmd=0402
RX: EMPBUF unit=0 den=D
RX: EMPBUF wc=100
RX: EMPBUF rx_xmit_es(0010)

RX: cmd=0406
RX: RDSECT unit=0 den=D
RX: RDSECT sa=013
RX: RDSECT ta=032
RX: RDSECT pos=175616. len=256.
RX: RDSECT rx_xmit_es(0050)

RX: cmd=0416
RX: RDERRC unit=0 den=D
RX: RDERRC rx_xmit_es(0050)

RX: cmd=0402
RX: EMPBUF unit=0 den=D
RX: EMPBUF wc=100
RX: EMPBUF rx_xmit_es(0010)

RX: cmd=0406
RX: RDSECT unit=0 den=D
RX: RDSECT sa=003
RX: RDSECT ta=031
RX: RDSECT pos=166912. len=256.
RX: RDSECT rx_xmit_es(0050)

RX: cmd=0416
RX: RDERRC unit=0 den=D
RX: RDERRC rx_xmit_es(0050)

RX: cmd=0402
RX: EMPBUF unit=0 den=D
RX: EMPBUF wc=100
RX: EMPBUF rx_xmit_es(0010)

RX: cmd=0406
RX: RDSECT unit=0 den=D
RX: RDSECT sa=006
RX: RDSECT ta=031
RX: RDSECT pos=167680. len=256.
RX: RDSECT rx_xmit_es(0050)

RX: cmd=0416
RX: RDERRC unit=0 den=D
RX: RDERRC rx_xmit_es(0050)

RX: cmd=0402
RX: EMPBUF unit=0 den=D
RX: EMPBUF wc=100
RX: EMPBUF rx_xmit_es(0010)

RX: cmd=0406
RX: RDSECT unit=0 den=D
RX: RDSECT sa=011
RX: RDSECT ta=031
RX: RDSECT pos=168448. len=256.
RX: RDSECT rx_xmit_es(0050)

RX: cmd=0416
RX: RDERRC unit=0 den=D
RX: RDERRC rx_xmit_es(0050)

RX: cmd=0402
RX: EMPBUF unit=0 den=D
RX: EMPBUF wc=100
RX: EMPBUF rx_xmit_es(0010)

RX: cmd=0406
RX: RDSECT unit=0 den=D
RX: RDSECT sa=014
RX: RDSECT ta=031
RX: RDSECT pos=169216. len=256.
RX: RDSECT rx_xmit_es(0050)

RX: cmd=0416
RX: RDERRC unit=0 den=D
RX: RDERRC rx_xmit_es(0050)

RX: cmd=0402
RX: EMPBUF unit=0 den=D
RX: EMPBUF wc=100
RX: EMPBUF rx_xmit_es(0010)

RX: cmd=0406
RX: RDSECT unit=0 den=D
RX: RDSECT sa=027
RX: RDSECT ta=004
RX: RDSECT pos=32256. len=256.
RX: RDSECT rx_xmit_es(0050)

RX: cmd=0416
RX: RDERRC unit=0 den=D
RX: RDERRC rx_xmit_es(0050)

RX: cmd=0402
RX: EMPBUF unit=0 den=D
RX: EMPBUF wc=100
RX: EMPBUF rx_xmit_es(0010)

RX: cmd=0406
RX: RDSECT unit=0 den=D
RX: RDSECT sa=013
RX: RDSECT ta=011
RX: RDSECT pos=62464. len=256.
RX: RDSECT rx_xmit_es(0050)

RX: cmd=0416
RX: RDERRC unit=0 den=D
RX: RDERRC rx_xmit_es(0050)

RX: cmd=0402
RX: EMPBUF unit=0 den=D
RX: EMPBUF wc=100
RX: EMPBUF rx_xmit_es(0010)

RX: cmd=0406
RX: RDSECT unit=0 den=D
RX: RDSECT sa=021
RX: RDSECT ta=011
RX: RDSECT pos=64000. len=256.
RX: RDSECT rx_xmit_es(0050)

RX: cmd=0416
RX: RDERRC unit=0 den=D
RX: RDERRC rx_xmit_es(0050)

RX: cmd=0402
RX: EMPBUF unit=0 den=D
RX: EMPBUF wc=100
RX: EMPBUF rx_xmit_es(0010)

RX: cmd=0406
RX: RDSECT unit=0 den=D
RX: RDSECT sa=024
RX: RDSECT ta=011
RX: RDSECT pos=64768. len=256.
RX: RDSECT rx_xmit_es(0050)

RX: cmd=0416
RX: RDERRC unit=0 den=D
RX: RDERRC rx_xmit_es(0050)

RX: cmd=0402
RX: EMPBUF unit=0 den=D
RX: EMPBUF wc=100
RX: EMPBUF rx_xmit_es(0010)

RX: cmd=0406
RX: RDSECT unit=0 den=D
RX: RDSECT sa=027
RX: RDSECT ta=011
RX: RDSECT pos=65536. len=256.
RX: RDSECT rx_xmit_es(0050)

RX: cmd=0416
RX: RDERRC unit=0 den=D
RX: RDERRC rx_xmit_es(0050)

RX: cmd=0402
RX: EMPBUF unit=0 den=D
RX: EMPBUF wc=100
RX: EMPBUF rx_xmit_es(0010)

RX: cmd=0406
RX: RDSECT unit=0 den=D
RX: RDSECT sa=032
RX: RDSECT ta=011
RX: RDSECT pos=66304. len=256.
RX: RDSECT rx_xmit_es(0050)

RX: cmd=0416
RX: RDERRC unit=0 den=D
RX: RDERRC rx_xmit_es(0050)

RX: cmd=0402
RX: EMPBUF unit=0 den=D
RX: EMPBUF wc=100
RX: EMPBUF rx_xmit_es(0010)

RX: cmd=0406
RX: RDSECT unit=0 den=D
RX: RDSECT sa=003
RX: RDSECT ta=011
RX: RDSECT pos=60416. len=256.
RX: RDSECT rx_xmit_es(0050)

RX: cmd=0416
RX: RDERRC unit=0 den=D
RX: RDERRC rx_xmit_es(0050)

RX: cmd=0402
RX: EMPBUF unit=0 den=D
RX: EMPBUF wc=100
RX: EMPBUF rx_xmit_es(0010)

RX: cmd=0406
RX: RDSECT unit=0 den=D
RX: RDSECT sa=006
RX: RDSECT ta=011
RX: RDSECT pos=61184. len=256.
RX: RDSECT rx_xmit_es(0050)

RX: cmd=0416
RX: RDERRC unit=0 den=D
RX: RDERRC rx_xmit_es(0050)

RX: cmd=0402
RX: EMPBUF unit=0 den=D
RX: EMPBUF wc=100
RX: EMPBUF rx_xmit_es(0010)

RX: cmd=0406
RX: RDSECT unit=0 den=D
RX: RDSECT sa=011
RX: RDSECT ta=011
RX: RDSECT pos=61952. len=256.
RX: RDSECT rx_xmit_es(0050)

RX: cmd=0416
RX: RDERRC unit=0 den=D
RX: RDERRC rx_xmit_es(0050)

RX: cmd=0402
RX: EMPBUF unit=0 den=D
RX: EMPBUF wc=100
RX: EMPBUF rx_xmit_es(0010)

RX: cmd=0406
RX: RDSECT unit=0 den=D
RX: RDSECT sa=014
RX: RDSECT ta=011
RX: RDSECT pos=62720. len=256.
RX: RDSECT rx_xmit_es(0050)

RX: cmd=0416
RX: RDERRC unit=0 den=D
RX: RDERRC rx_xmit_es(0050)

RX: cmd=0402
RX: EMPBUF unit=0 den=D
RX: EMPBUF wc=100
RX: EMPBUF rx_xmit_es(0010)

RX: cmd=0406
RX: RDSECT unit=0 den=D
RX: RDSECT sa=017
RX: RDSECT ta=011
RX: RDSECT pos=63488. len=256.
RX: RDSECT rx_xmit_es(0050)

RX: cmd=0416
RX: RDERRC unit=0 den=D
RX: RDERRC rx_xmit_es(0050)

RX: cmd=0402
RX: EMPBUF unit=0 den=D
RX: EMPBUF wc=100
RX: EMPBUF rx_xmit_es(0010)

RX: cmd=0406
RX: RDSECT unit=0 den=D
RX: RDSECT sa=022
RX: RDSECT ta=011
RX: RDSECT pos=64256. len=256.
RX: RDSECT rx_xmit_es(0050)

RX: cmd=0416
RX: RDERRC unit=0 den=D
RX: RDERRC rx_xmit_es(0050)

RX: cmd=0402
RX: EMPBUF unit=0 den=D
RX: EMPBUF wc=100
RX: EMPBUF rx_xmit_es(0010)

RX: cmd=0406
RX: RDSECT unit=0 den=D
RX: RDSECT sa=025
RX: RDSECT ta=011
RX: RDSECT pos=65024. len=256.
RX: RDSECT rx_xmit_es(0050)

RX: cmd=0416
RX: RDERRC unit=0 den=D
RX: RDERRC rx_xmit_es(0050)

RX: cmd=0402
RX: EMPBUF unit=0 den=D
RX: EMPBUF wc=100
RX: EMPBUF rx_xmit_es(0010)

RX: cmd=0406
RX: RDSECT unit=0 den=D
RX: RDSECT sa=030
RX: RDSECT ta=011
RX: RDSECT pos=65792. len=256.
RX: RDSECT rx_xmit_es(0050)

RX: cmd=0416
RX: RDERRC unit=0 den=D
RX: RDERRC rx_xmit_es(0050)

RX: cmd=0402
RX: EMPBUF unit=0 den=D
RX: EMPBUF wc=100
RX: EMPBUF rx_xmit_es(0010)

RX: cmd=0406
RX: RDSECT unit=0 den=D
RX: RDSECT sa=031
RX: RDSECT ta=002
RX: RDSECT pos=19456. len=256.
RX: RDSECT rx_xmit_es(0050)

RX: cmd=0416
RX: RDERRC unit=0 den=D
RX: RDERRC rx_xmit_es(0050)

RX: cmd=0402
RX: EMPBUF unit=0 den=D
RX: EMPBUF wc=100
RX: EMPBUF rx_xmit_es(0010)

RX: cmd=0406
RX: RDSECT unit=0 den=D
RX: RDSECT sa=002
RX: RDSECT ta=002
RX: RDSECT pos=13568. len=256.
RX: RDSECT rx_xmit_es(0050)

RX: cmd=0416
RX: RDERRC unit=0 den=D
RX: RDERRC rx_xmit_es(0050)

RX: cmd=0402
RX: EMPBUF unit=0 den=D
RX: EMPBUF wc=100
RX: EMPBUF rx_xmit_es(0010)

RX: cmd=0406
RX: RDSECT unit=0 den=D
RX: RDSECT sa=007
RX: RDSECT ta=001
RX: RDSECT pos=8192. len=256.
RX: RDSECT rx_xmit_es(0050)

RX: cmd=0416
RX: RDERRC unit=0 den=D
RX: RDERRC rx_xmit_es(0050)

RX: cmd=0402
RX: EMPBUF unit=0 den=D
RX: EMPBUF wc=100
RX: EMPBUF rx_xmit_es(0010)

RX: cmd=0406
RX: RDSECT unit=0 den=D
RX: RDSECT sa=012
RX: RDSECT ta=001
RX: RDSECT pos=8960. len=256.
RX: RDSECT rx_xmit_es(0050)

RX: cmd=0416
RX: RDERRC unit=0 den=D
RX: RDERRC rx_xmit_es(0050)

RX: cmd=0402
RX: EMPBUF unit=0 den=D
RX: EMPBUF wc=100
RX: EMPBUF rx_xmit_es(0010)

RX: cmd=0406
RX: RDSECT unit=0 den=D
RX: RDSECT sa=015
RX: RDSECT ta=001
RX: RDSECT pos=9728. len=256.
RX: RDSECT rx_xmit_es(0050)

RX: cmd=0416
RX: RDERRC unit=0 den=D
RX: RDERRC rx_xmit_es(0050)

RX: cmd=0402
RX: EMPBUF unit=0 den=D
RX: EMPBUF wc=100
RX: EMPBUF rx_xmit_es(0010)

RX: cmd=0406
RX: RDSECT unit=0 den=D
RX: RDSECT sa=020
RX: RDSECT ta=001
RX: RDSECT pos=10496. len=256.
RX: RDSECT rx_xmit_es(0050)

RX: cmd=0416
RX: RDERRC unit=0 den=D
RX: RDERRC rx_xmit_es(0050)

RX: cmd=0402
RX: EMPBUF unit=0 den=D
RX: EMPBUF wc=100
RX: EMPBUF rx_xmit_es(0010)

RX: cmd=0406
RX: RDSECT unit=0 den=D
RX: RDSECT sa=023
RX: RDSECT ta=001
RX: RDSECT pos=11264. len=256.
RX: RDSECT rx_xmit_es(0050)

RX: cmd=0416
RX: RDERRC unit=0 den=D
RX: RDERRC rx_xmit_es(0050)

RX: cmd=0402
RX: EMPBUF unit=0 den=D
RX: EMPBUF wc=100
RX: EMPBUF rx_xmit_es(0010)

RX: cmd=0406
RX: RDSECT unit=0 den=D
RX: RDSECT sa=026
RX: RDSECT ta=001
RX: RDSECT pos=12032. len=256.
RX: RDSECT rx_xmit_es(0050)

RX: cmd=0416
RX: RDERRC unit=0 den=D
RX: RDERRC rx_xmit_es(0050)

RX: cmd=0402
RX: EMPBUF unit=0 den=D
RX: EMPBUF wc=100
RX: EMPBUF rx_xmit_es(0010)

RX: cmd=0406
RX: RDSECT unit=0 den=D
RX: RDSECT sa=031
RX: RDSECT ta=001
RX: RDSECT pos=12800. len=256.
RX: RDSECT rx_xmit_es(0050)

RX: cmd=0416
RX: RDERRC unit=0 den=D
RX: RDERRC rx_xmit_es(0050)

RX: cmd=0402
RX: EMPBUF unit=0 den=D
RX: EMPBUF wc=100
RX: EMPBUF rx_xmit_es(0010)

RX: cmd=0406
RX: RDSECT unit=0 den=D
RX: RDSECT sa=002
RX: RDSECT ta=001
RX: RDSECT pos=6912. len=256.
RX: RDSECT rx_xmit_es(0050)

RX: cmd=0416
RX: RDERRC unit=0 den=D
RX: RDERRC rx_xmit_es(0050)

RX: cmd=0402
RX: EMPBUF unit=0 den=D
RX: EMPBUF wc=100
RX: EMPBUF rx_xmit_es(0010)

RX: cmd=0406
RX: RDSECT unit=0 den=D
RX: RDSECT sa=005
RX: RDSECT ta=001
RX: RDSECT pos=7680. len=256.
RX: RDSECT rx_xmit_es(0050)

RX: cmd=0416
RX: RDERRC unit=0 den=D
RX: RDERRC rx_xmit_es(0050)

RX: cmd=0402
RX: EMPBUF unit=0 den=D
RX: EMPBUF wc=100
RX: EMPBUF rx_xmit_es(0010)

RX: cmd=0406
RX: RDSECT unit=0 den=D
RX: RDSECT sa=010
RX: RDSECT ta=001
RX: RDSECT pos=8448. len=256.
RX: RDSECT rx_xmit_es(0050)

RX: cmd=0416
RX: RDERRC unit=0 den=D
RX: RDERRC rx_xmit_es(0050)

RX: cmd=0402
RX: EMPBUF unit=0 den=D
RX: EMPBUF wc=100
RX: EMPBUF rx_xmit_es(0010)

RX: cmd=0406
RX: RDSECT unit=0 den=D
RX: RDSECT sa=013
RX: RDSECT ta=001
RX: RDSECT pos=9216. len=256.
RX: RDSECT rx_xmit_es(0050)

RX: cmd=0416
RX: RDERRC unit=0 den=D
RX: RDERRC rx_xmit_es(0050)

RX: cmd=0402
RX: EMPBUF unit=0 den=D
RX: EMPBUF wc=100
RX: EMPBUF rx_xmit_es(0010)

RX: cmd=0406
RX: RDSECT unit=0 den=D
RX: RDSECT sa=016
RX: RDSECT ta=001
RX: RDSECT pos=9984. len=256.
RX: RDSECT rx_xmit_es(0050)

RX: cmd=0416
RX: RDERRC unit=0 den=D
RX: RDERRC rx_xmit_es(0050)

RX: cmd=0402
RX: EMPBUF unit=0 den=D
RX: EMPBUF wc=100
RX: EMPBUF rx_xmit_es(0010)

RX: cmd=0406
RX: RDSECT unit=0 den=D
RX: RDSECT sa=021
RX: RDSECT ta=001
RX: RDSECT pos=10752. len=256.
RX: RDSECT rx_xmit_es(0050)

RX: cmd=0416
RX: RDERRC unit=0 den=D
RX: RDERRC rx_xmit_es(0050)

RX: cmd=0402
RX: EMPBUF unit=0 den=D
RX: EMPBUF wc=100
RX: EMPBUF rx_xmit_es(0010)

RX: cmd=0406
RX: RDSECT unit=0 den=D
RX: RDSECT sa=024
RX: RDSECT ta=001
RX: RDSECT pos=11520. len=256.
RX: RDSECT rx_xmit_es(0050)

RX: cmd=0416
RX: RDERRC unit=0 den=D
RX: RDERRC rx_xmit_es(0050)

RX: cmd=0402
RX: EMPBUF unit=0 den=D
RX: EMPBUF wc=100
RX: EMPBUF rx_xmit_es(0010)

RX: cmd=0406
RX: RDSECT unit=0 den=D
RX: RDSECT sa=027
RX: RDSECT ta=001
RX: RDSECT pos=12288. len=256.
RX: RDSECT rx_xmit_es(0050)

RX: cmd=0416
RX: RDERRC unit=0 den=D
RX: RDERRC rx_xmit_es(0050)

RX: cmd=0402
RX: EMPBUF unit=0 den=D
RX: EMPBUF wc=100
RX: EMPBUF rx_xmit_es(0010)

RX: cmd=0406
RX: RDSECT unit=0 den=D
RX: RDSECT sa=032
RX: RDSECT ta=001
RX: RDSECT pos=13056. len=256.
RX: RDSECT rx_xmit_es(0050)

RX: cmd=0416
RX: RDERRC unit=0 den=D
RX: RDERRC rx_xmit_es(0050)

RX: cmd=0402
RX: EMPBUF unit=0 den=D
RX: EMPBUF wc=100
RX: EMPBUF rx_xmit_es(0010)

RX: cmd=0406
RX: RDSECT unit=0 den=D
RX: RDSECT sa=003
RX: RDSECT ta=001
RX: RDSECT pos=7168. len=256.
RX: RDSECT rx_xmit_es(0050)

RX: cmd=0416
RX: RDERRC unit=0 den=D
RX: RDERRC rx_xmit_es(0050)

RX: cmd=0402
RX: EMPBUF unit=0 den=D
RX: EMPBUF wc=100
RX: EMPBUF rx_xmit_es(0010)

RX: cmd=0406
RX: RDSECT unit=0 den=D
RX: RDSECT sa=006
RX: RDSECT ta=001
RX: RDSECT pos=7936. len=256.
RX: RDSECT rx_xmit_es(0050)

RX: cmd=0416
RX: RDERRC unit=0 den=D
RX: RDERRC rx_xmit_es(0050)

RX: cmd=0402
RX: EMPBUF unit=0 den=D
RX: EMPBUF wc=100
RX: EMPBUF rx_xmit_es(0010)

RX: cmd=0406
RX: RDSECT unit=0 den=D
RX: RDSECT sa=011
RX: RDSECT ta=001
RX: RDSECT pos=8704. len=256.
RX: RDSECT rx_xmit_es(0050)

RX: cmd=0416
RX: RDERRC unit=0 den=D
RX: RDERRC rx_xmit_es(0050)

RX: cmd=0402
RX: EMPBUF unit=0 den=D
RX: EMPBUF wc=100
RX: EMPBUF rx_xmit_es(0010)

RX: cmd=0406
RX: RDSECT unit=0 den=D
RX: RDSECT sa=014
RX: RDSECT ta=001
RX: RDSECT pos=9472. len=256.
RX: RDSECT rx_xmit_es(0050)

RX: cmd=0416
RX: RDERRC unit=0 den=D
RX: RDERRC rx_xmit_es(0050)

RX: cmd=0402
RX: EMPBUF unit=0 den=D
RX: EMPBUF wc=100
RX: EMPBUF rx_xmit_es(0010)

RX: cmd=0406
RX: RDSECT unit=0 den=D
RX: RDSECT sa=017
RX: RDSECT ta=001
RX: RDSECT pos=10240. len=256.
RX: RDSECT rx_xmit_es(0050)

RX: cmd=0416
RX: RDERRC unit=0 den=D
RX: RDERRC rx_xmit_es(0050)

RX: cmd=0402
RX: EMPBUF unit=0 den=D
RX: EMPBUF wc=100
RX: EMPBUF rx_xmit_es(0010)

RX: cmd=0406
RX: RDSECT unit=0 den=D
RX: RDSECT sa=022
RX: RDSECT ta=001
RX: RDSECT pos=11008. len=256.
RX: RDSECT rx_xmit_es(0050)

RX: cmd=0416
RX: RDERRC unit=0 den=D
RX: RDERRC rx_xmit_es(0050)

RX: cmd=0402
RX: EMPBUF unit=0 den=D
RX: EMPBUF wc=100
RX: EMPBUF rx_xmit_es(0010)

RX: cmd=0406
RX: RDSECT unit=0 den=D
RX: RDSECT sa=025
RX: RDSECT ta=001
RX: RDSECT pos=11776. len=256.
RX: RDSECT rx_xmit_es(0050)

RX: cmd=0416
RX: RDERRC unit=0 den=D
RX: RDERRC rx_xmit_es(0050)

RX: cmd=0402
RX: EMPBUF unit=0 den=D
RX: EMPBUF wc=100
RX: EMPBUF rx_xmit_es(0010)

RX: cmd=0406
RX: RDSECT unit=0 den=D
RX: RDSECT sa=030
RX: RDSECT ta=001
RX: RDSECT pos=12544. len=256.
RX: RDSECT rx_xmit_es(0050)

RX: cmd=0416
RX: RDERRC unit=0 den=D
RX: RDERRC rx_xmit_es(0050)

RX: cmd=0402
RX: EMPBUF unit=0 den=D
RX: EMPBUF wc=100
RX: EMPBUF rx_xmit_es(0010)

RX: cmd=0406
RX: RDSECT unit=0 den=D
RX: RDSECT sa=001
RX: RDSECT ta=002
RX: RDSECT pos=13312. len=256.
RX: RDSECT rx_xmit_es(0050)

RX: cmd=0416
RX: RDERRC unit=0 den=D
RX: RDERRC rx_xmit_es(0050)

RX: cmd=0402
RX: EMPBUF unit=0 den=D
RX: EMPBUF wc=100
RX: EMPBUF rx_xmit_es(0010)

RX: cmd=0406
RX: RDSECT unit=0 den=D
RX: RDSECT sa=004
RX: RDSECT ta=002
RX: RDSECT pos=14080. len=256.
RX: RDSECT rx_xmit_es(0050)

RX: cmd=0416
RX: RDERRC unit=0 den=D
RX: RDERRC rx_xmit_es(0050)

RX: cmd=0402
RX: EMPBUF unit=0 den=D
RX: EMPBUF wc=100
RX: EMPBUF rx_xmit_es(0010)

RX: cmd=0406
RX: RDSECT unit=0 den=D
RX: RDSECT sa=023
RX: RDSECT ta=005
RX: RDSECT pos=37888. len=256.
RX: RDSECT rx_xmit_es(0050)

RX: cmd=0416
RX: RDERRC unit=0 den=D
RX: RDERRC rx_xmit_es(0050)

RX: cmd=0402
RX: EMPBUF unit=0 den=D
RX: EMPBUF wc=100
RX: EMPBUF rx_xmit_es(0010)

RX: cmd=0406
RX: RDSECT unit=0 den=D
RX: RDSECT sa=026
RX: RDSECT ta=005
RX: RDSECT pos=38656. len=256.
RX: RDSECT rx_xmit_es(0050)

RX: cmd=0416
RX: RDERRC unit=0 den=D
RX: RDERRC rx_xmit_es(0050)

RX: cmd=0402
RX: EMPBUF unit=0 den=D
RX: EMPBUF wc=100
RX: EMPBUF rx_xmit_es(0010)

RX: cmd=0406
RX: RDSECT unit=0 den=D
RX: RDSECT sa=007
RX: RDSECT ta=001
RX: RDSECT pos=8192. len=256.
RX: RDSECT rx_xmit_es(0050)

RX: cmd=0416
RX: RDERRC unit=0 den=D
RX: RDERRC rx_xmit_es(0050)

RX: cmd=0402
RX: EMPBUF unit=0 den=D
RX: EMPBUF wc=100
RX: EMPBUF rx_xmit_es(0010)

RX: cmd=0406
RX: RDSECT unit=0 den=D
RX: RDSECT sa=012
RX: RDSECT ta=001
RX: RDSECT pos=8960. len=256.
RX: RDSECT rx_xmit_es(0050)

RX: cmd=0416
RX: RDERRC unit=0 den=D
RX: RDERRC rx_xmit_es(0050)

RX: cmd=0402
RX: EMPBUF unit=0 den=D
RX: EMPBUF wc=100
RX: EMPBUF rx_xmit_es(0010)

RX: cmd=0406
RX: RDSECT unit=0 den=D
RX: RDSECT sa=027
RX: RDSECT ta=030
RX: RDSECT pos=165376. len=256.
RX: RDSECT rx_xmit_es(0050)

RX: cmd=0416
RX: RDERRC unit=0 den=D
RX: RDERRC rx_xmit_es(0050)

RX: cmd=0402
RX: EMPBUF unit=0 den=D
RX: EMPBUF wc=100
RX: EMPBUF rx_xmit_es(0010)

RX: cmd=0406
RX: RDSECT unit=0 den=D
RX: RDSECT sa=032
RX: RDSECT ta=030
RX: RDSECT pos=166144. len=256.
RX: RDSECT rx_xmit_es(0050)

RX: cmd=0416
RX: RDERRC unit=0 den=D
RX: RDERRC rx_xmit_es(0050)

RX: cmd=0402
RX: EMPBUF unit=0 den=D
RX: EMPBUF wc=100
RX: EMPBUF rx_xmit_es(0010)

RX: cmd=0406
RX: RDSECT unit=0 den=D
RX: RDSECT sa=003
RX: RDSECT ta=030
RX: RDSECT pos=160256. len=256.
RX: RDSECT rx_xmit_es(0050)

RX: cmd=0416
RX: RDERRC unit=0 den=D
RX: RDERRC rx_xmit_es(0050)

RX: cmd=0402
RX: EMPBUF unit=0 den=D
RX: EMPBUF wc=100
RX: EMPBUF rx_xmit_es(0010)

RX: cmd=0406
RX: RDSECT unit=0 den=D
RX: RDSECT sa=006
RX: RDSECT ta=030
RX: RDSECT pos=161024. len=256.
RX: RDSECT rx_xmit_es(0050)

RX: cmd=0416
RX: RDERRC unit=0 den=D
RX: RDERRC rx_xmit_es(0050)

RX: cmd=0402
RX: EMPBUF unit=0 den=D
RX: EMPBUF wc=100
RX: EMPBUF rx_xmit_es(0010)

RX: cmd=0406
RX: RDSECT unit=0 den=D
RX: RDSECT sa=011
RX: RDSECT ta=030
RX: RDSECT pos=161792. len=256.
RX: RDSECT rx_xmit_es(0050)

RX: cmd=0416
RX: RDERRC unit=0 den=D
RX: RDERRC rx_xmit_es(0050)

RX: cmd=0402
RX: EMPBUF unit=0 den=D
RX: EMPBUF wc=100
RX: EMPBUF rx_xmit_es(0010)

RX: cmd=0406
RX: RDSECT unit=0 den=D
RX: RDSECT sa=014
RX: RDSECT ta=030
RX: RDSECT pos=162560. len=256.
RX: RDSECT rx_xmit_es(0050)

RX: cmd=0416
RX: RDERRC unit=0 den=D
RX: RDERRC rx_xmit_es(0050)

RX: cmd=0402
RX: EMPBUF unit=0 den=D
RX: EMPBUF wc=100
RX: EMPBUF rx_xmit_es(0010)

RX: cmd=0406
RX: RDSECT unit=0 den=D
RX: RDSECT sa=017
RX: RDSECT ta=030
RX: RDSECT pos=163328. len=256.
RX: RDSECT rx_xmit_es(0050)

RX: cmd=0416
RX: RDERRC unit=0 den=D
RX: RDERRC rx_xmit_es(0050)

RX: cmd=0402
RX: EMPBUF unit=0 den=D
RX: EMPBUF wc=100
RX: EMPBUF rx_xmit_es(0010)

RX: cmd=0406
RX: RDSECT unit=0 den=D
RX: RDSECT sa=022
RX: RDSECT ta=030
RX: RDSECT pos=164096. len=256.
RX: RDSECT rx_xmit_es(0050)

RX: cmd=0416
RX: RDERRC unit=0 den=D
RX: RDERRC rx_xmit_es(0050)

RX: cmd=0402
RX: EMPBUF unit=0 den=D
RX: EMPBUF wc=100
RX: EMPBUF rx_xmit_es(0010)

RX: cmd=0406
RX: RDSECT unit=0 den=D
RX: RDSECT sa=025
RX: RDSECT ta=030
RX: RDSECT pos=164864. len=256.
RX: RDSECT rx_xmit_es(0050)

RX: cmd=0416
RX: RDERRC unit=0 den=D
RX: RDERRC rx_xmit_es(0050)

RX: cmd=0402
RX: EMPBUF unit=0 den=D
RX: EMPBUF wc=100
RX: EMPBUF rx_xmit_es(0010)

RX: cmd=0406
RX: RDSECT unit=0 den=D
RX: RDSECT sa=030
RX: RDSECT ta=030
RX: RDSECT pos=165632. len=256.
RX: RDSECT rx_xmit_es(0050)

RX: cmd=0416
RX: RDERRC unit=0 den=D
RX: RDERRC rx_xmit_es(0050)

RX: cmd=0402
RX: EMPBUF unit=0 den=D
RX: EMPBUF wc=100
RX: EMPBUF rx_xmit_es(0010)

RX: cmd=0406
RX: RDSECT unit=0 den=D
RX: RDSECT sa=001
RX: RDSECT ta=031
RX: RDSECT pos=166400. len=256.
RX: RDSECT rx_xmit_es(0050)

RX: cmd=0416
RX: RDERRC unit=0 den=D
RX: RDERRC rx_xmit_es(0050)

RX: cmd=0402
RX: EMPBUF unit=0 den=D
RX: EMPBUF wc=100
RX: EMPBUF rx_xmit_es(0010)

RX: cmd=0406
RX: RDSECT unit=0 den=D
RX: RDSECT sa=004
RX: RDSECT ta=031
RX: RDSECT pos=167168. len=256.
RX: RDSECT rx_xmit_es(0050)

RX: cmd=0416
RX: RDERRC unit=0 den=D
RX: RDERRC rx_xmit_es(0050)

RX: cmd=0402
RX: EMPBUF unit=0 den=D
RX: EMPBUF wc=100
RX: EMPBUF rx_xmit_es(0010)

RX: cmd=0406
RX: RDSECT unit=0 den=D
RX: RDSECT sa=007
RX: RDSECT ta=031
RX: RDSECT pos=167936. len=256.
RX: RDSECT rx_xmit_es(0050)

RX: cmd=0416
RX: RDERRC unit=0 den=D
RX: RDERRC rx_xmit_es(0050)

RX: cmd=0402
RX: EMPBUF unit=0 den=D
RX: EMPBUF wc=100
RX: EMPBUF rx_xmit_es(0010)

RX: cmd=0406
RX: RDSECT unit=0 den=D
RX: RDSECT sa=012
RX: RDSECT ta=031
RX: RDSECT pos=168704. len=256.
RX: RDSECT rx_xmit_es(0050)

RX: cmd=0416
RX: RDERRC unit=0 den=D
RX: RDERRC rx_xmit_es(0050)

RX: cmd=0402
RX: EMPBUF unit=0 den=D
RX: EMPBUF wc=100
RX: EMPBUF rx_xmit_es(0010)

RX: cmd=0406
RX: RDSECT unit=0 den=D
RX: RDSECT sa=015
RX: RDSECT ta=031
RX: RDSECT pos=169472. len=256.
RX: RDSECT rx_xmit_es(0050)

RX: cmd=0416
RX: RDERRC unit=0 den=D
RX: RDERRC rx_xmit_es(0050)

RX: cmd=0402
RX: EMPBUF unit=0 den=D
RX: EMPBUF wc=100
RX: EMPBUF rx_xmit_es(0010)

RX: cmd=0406
RX: RDSECT unit=0 den=D
RX: RDSECT sa=020
RX: RDSECT ta=031
RX: RDSECT pos=170240. len=256.
RX: RDSECT rx_xmit_es(0050)

RX: cmd=0416
RX: RDERRC unit=0 den=D
RX: RDERRC rx_xmit_es(0050)

RX: cmd=0402
RX: EMPBUF unit=0 den=D
RX: EMPBUF wc=100
RX: EMPBUF rx_xmit_es(0010)

RX: cmd=0406
RX: RDSECT unit=0 den=D
RX: RDSECT sa=023
RX: RDSECT ta=031
RX: RDSECT pos=171008. len=256.
RX: RDSECT rx_xmit_es(0050)

RX: cmd=0416
RX: RDERRC unit=0 den=D
RX: RDERRC rx_xmit_es(0050)

RX: cmd=0402
RX: EMPBUF unit=0 den=D
RX: EMPBUF wc=100
RX: EMPBUF rx_xmit_es(0010)

RX: cmd=0406
RX: RDSECT unit=0 den=D
RX: RDSECT sa=026
RX: RDSECT ta=031
RX: RDSECT pos=171776. len=256.
RX: RDSECT rx_xmit_es(0050)

RX: cmd=0416
RX: RDERRC unit=0 den=D
RX: RDERRC rx_xmit_es(0050)

RX: cmd=0402
RX: EMPBUF unit=0 den=D
RX: EMPBUF wc=100
RX: EMPBUF rx_xmit_es(0010)

RX: cmd=0406
RX: RDSECT unit=0 den=D
RX: RDSECT sa=031
RX: RDSECT ta=031
RX: RDSECT pos=172544. len=256.
RX: RDSECT rx_xmit_es(0050)

RX: cmd=0416
RX: RDERRC unit=0 den=D
RX: RDERRC rx_xmit_es(0050)

RX: cmd=0402
RX: EMPBUF unit=0 den=D
RX: EMPBUF wc=100
RX: EMPBUF rx_xmit_es(0010)

RX: cmd=0406
RX: RDSECT unit=0 den=D
RX: RDSECT sa=002
RX: RDSECT ta=031
RX: RDSECT pos=166656. len=256.
RX: RDSECT rx_xmit_es(0050)

RX: cmd=0416
RX: RDERRC unit=0 den=D
RX: RDERRC rx_xmit_es(0050)

RX: cmd=0402
RX: EMPBUF unit=0 den=D
RX: EMPBUF wc=100
RX: EMPBUF rx_xmit_es(0010)

RX: cmd=0406
RX: RDSECT unit=0 den=D
RX: RDSECT sa=005
RX: RDSECT ta=031
RX: RDSECT pos=167424. len=256.
RX: RDSECT rx_xmit_es(0050)

RX: cmd=0416
RX: RDERRC unit=0 den=D
RX: RDERRC rx_xmit_es(0050)

RX: cmd=0402
RX: EMPBUF unit=0 den=D
RX: EMPBUF wc=100
RX: EMPBUF rx_xmit_es(0010)

RX: cmd=0406
RX: RDSECT unit=0 den=D
RX: RDSECT sa=010
RX: RDSECT ta=031
RX: RDSECT pos=168192. len=256.
RX: RDSECT rx_xmit_es(0050)

RX: cmd=0416
RX: RDERRC unit=0 den=D
RX: RDERRC rx_xmit_es(0050)

RX: cmd=0402
RX: EMPBUF unit=0 den=D
RX: EMPBUF wc=100
RX: EMPBUF rx_xmit_es(0010)

RX: cmd=0406
RX: RDSECT unit=0 den=D
RX: RDSECT sa=013
RX: RDSECT ta=031
RX: RDSECT pos=168960. len=256.
RX: RDSECT rx_xmit_es(0050)

RX: cmd=0416
RX: RDERRC unit=0 den=D
RX: RDERRC rx_xmit_es(0050)

RX: cmd=0402
RX: EMPBUF unit=0 den=D
RX: EMPBUF wc=100
RX: EMPBUF rx_xmit_es(0010)

RX: cmd=0406
RX: RDSECT unit=0 den=D
RX: RDSECT sa=007
RX: RDSECT ta=031
RX: RDSECT pos=167936. len=256.
RX: RDSECT rx_xmit_es(0050)

RX: cmd=0416
RX: RDERRC unit=0 den=D
RX: RDERRC rx_xmit_es(0050)

RX: cmd=0402
RX: EMPBUF unit=0 den=D
RX: EMPBUF wc=100
RX: EMPBUF rx_xmit_es(0010)

RX: cmd=0406
RX: RDSECT unit=0 den=D
RX: RDSECT sa=012
RX: RDSECT ta=031
RX: RDSECT pos=168704. len=256.
RX: RDSECT rx_xmit_es(0050)

RX: cmd=0416
RX: RDERRC unit=0 den=D
RX: RDERRC rx_xmit_es(0050)

RX: cmd=0402
RX: EMPBUF unit=0 den=D
RX: EMPBUF wc=100
RX: EMPBUF rx_xmit_es(0010)

RX: cmd=0406
RX: RDSECT unit=0 den=D
RX: RDSECT sa=015
RX: RDSECT ta=031
RX: RDSECT pos=169472. len=256.
RX: RDSECT rx_xmit_es(0050)

RX: cmd=0416
RX: RDERRC unit=0 den=D
RX: RDERRC rx_xmit_es(0050)

RX: cmd=0402
RX: EMPBUF unit=0 den=D
RX: EMPBUF wc=100
RX: EMPBUF rx_xmit_es(0010)

RX: cmd=0406
RX: RDSECT unit=0 den=D
RX: RDSECT sa=020
RX: RDSECT ta=031
RX: RDSECT pos=170240. len=256.
RX: RDSECT rx_xmit_es(0050)

RX: cmd=0416
RX: RDERRC unit=0 den=D
RX: RDERRC rx_xmit_es(0050)

RX: cmd=0402
RX: EMPBUF unit=0 den=D
RX: EMPBUF wc=100
RX: EMPBUF rx_xmit_es(0010)

RX: cmd=0406
RX: RDSECT unit=0 den=D
RX: RDSECT sa=023
RX: RDSECT ta=031
RX: RDSECT pos=171008. len=256.
RX: RDSECT rx_xmit_es(0050)

RX: cmd=0416
RX: RDERRC unit=0 den=D
RX: RDERRC rx_xmit_es(0050)

RX: cmd=0402
RX: EMPBUF unit=0 den=D
RX: EMPBUF wc=100
RX: EMPBUF rx_xmit_es(0010)

RX: cmd=0406
RX: RDSECT unit=0 den=D
RX: RDSECT sa=026
RX: RDSECT ta=031
RX: RDSECT pos=171776. len=256.
RX: RDSECT rx_xmit_es(0050)

RX: cmd=0416
RX: RDERRC unit=0 den=D
RX: RDERRC rx_xmit_es(0050)

RX: cmd=0402
RX: EMPBUF unit=0 den=D
RX: EMPBUF wc=100
RX: EMPBUF rx_xmit_es(0010)

RX: cmd=0406
RX: RDSECT unit=0 den=D
RX: RDSECT sa=031
RX: RDSECT ta=031
RX: RDSECT pos=172544. len=256.
RX: RDSECT rx_xmit_es(0050)

RX: cmd=0416
RX: RDERRC unit=0 den=D
RX: RDERRC rx_xmit_es(0050)

RX: cmd=0402
RX: EMPBUF unit=0 den=D
RX: EMPBUF wc=100
RX: EMPBUF rx_xmit_es(0010)

RX: cmd=0406
RX: RDSECT unit=0 den=D
RX: RDSECT sa=002
RX: RDSECT ta=031
RX: RDSECT pos=166656. len=256.
RX: RDSECT rx_xmit_es(0050)

RX: cmd=0416
RX: RDERRC unit=0 den=D
RX: RDERRC rx_xmit_es(0050)

RX: cmd=0402
RX: EMPBUF unit=0 den=D
RX: EMPBUF wc=100
RX: EMPBUF rx_xmit_es(0010)

RX: cmd=0406
RX: RDSECT unit=0 den=D
RX: RDSECT sa=005
RX: RDSECT ta=031
RX: RDSECT pos=167424. len=256.
RX: RDSECT rx_xmit_es(0050)

RX: cmd=0416
RX: RDERRC unit=0 den=D
RX: RDERRC rx_xmit_es(0050)

RX: cmd=0402
RX: EMPBUF unit=0 den=D
RX: EMPBUF wc=100
RX: EMPBUF rx_xmit_es(0010)

RX: cmd=0406
RX: RDSECT unit=0 den=D
RX: RDSECT sa=010
RX: RDSECT ta=031
RX: RDSECT pos=168192. len=256.
RX: RDSECT rx_xmit_es(0050)

RX: cmd=0416
RX: RDERRC unit=0 den=D
RX: RDERRC rx_xmit_es(0050)

RX: cmd=0402
RX: EMPBUF unit=0 den=D
RX: EMPBUF wc=100
RX: EMPBUF rx_xmit_es(0010)

RX: cmd=0406
RX: RDSECT unit=0 den=D
RX: RDSECT sa=013
RX: RDSECT ta=031
RX: RDSECT pos=168960. len=256.
RX: RDSECT rx_xmit_es(0050)

RX: cmd=0416
RX: RDERRC unit=0 den=D
RX: RDERRC rx_xmit_es(0050)

RX: cmd=0402
RX: EMPBUF unit=0 den=D
RX: EMPBUF wc=100
RX: EMPBUF rx_xmit_es(0010)

RX: cmd=0406
RX: RDSECT unit=0 den=D
RX: RDSECT sa=015
RX: RDSECT ta=032
RX: RDSECT pos=176128. len=256.
RX: RDSECT rx_xmit_es(0050)

RX: cmd=0416
RX: RDERRC unit=0 den=D
RX: RDERRC rx_xmit_es(0050)

RX: cmd=0402
RX: EMPBUF unit=0 den=D
RX: EMPBUF wc=100
RX: EMPBUF rx_xmit_es(0010)

RX: cmd=0406
RX: RDSECT unit=0 den=D
RX: RDSECT sa=020
RX: RDSECT ta=032
RX: RDSECT pos=176896. len=256.
RX: RDSECT rx_xmit_es(0050)

RX: cmd=0416
RX: RDERRC unit=0 den=D
RX: RDERRC rx_xmit_es(0050)

RX: cmd=0402
RX: EMPBUF unit=0 den=D
RX: EMPBUF wc=100
RX: EMPBUF rx_xmit_es(0010)

RX: cmd=0406
RX: RDSECT unit=0 den=D
RX: RDSECT sa=023
RX: RDSECT ta=032
RX: RDSECT pos=177664. len=256.
RX: RDSECT rx_xmit_es(0050)

RX: cmd=0416
RX: RDERRC unit=0 den=D
RX: RDERRC rx_xmit_es(0050)

RX: cmd=0402
RX: EMPBUF unit=0 den=D
RX: EMPBUF wc=100
RX: EMPBUF rx_xmit_es(0010)

RX: cmd=0406
RX: RDSECT unit=0 den=D
RX: RDSECT sa=026
RX: RDSECT ta=032
RX: RDSECT pos=178432. len=256.
RX: RDSECT rx_xmit_es(0050)

RX: cmd=0416
RX: RDERRC unit=0 den=D
RX: RDERRC rx_xmit_es(0050)

RX: cmd=0402
RX: EMPBUF unit=0 den=D
RX: EMPBUF wc=100
RX: EMPBUF rx_xmit_es(0010)

RX: cmd=0406
RX: RDSECT unit=0 den=D
RX: RDSECT sa=031
RX: RDSECT ta=032
RX: RDSECT pos=179200. len=256.
RX: RDSECT rx_xmit_es(0050)

RX: cmd=0416
RX: RDERRC unit=0 den=D
RX: RDERRC rx_xmit_es(0050)

RX: cmd=0402
RX: EMPBUF unit=0 den=D
RX: EMPBUF wc=100
RX: EMPBUF rx_xmit_es(0010)

RX: cmd=0406
RX: RDSECT unit=0 den=D
RX: RDSECT sa=002
RX: RDSECT ta=032
RX: RDSECT pos=173312. len=256.
RX: RDSECT rx_xmit_es(0050)

RX: cmd=0416
RX: RDERRC unit=0 den=D
RX: RDERRC rx_xmit_es(0050)

RX: cmd=0402
RX: EMPBUF unit=0 den=D
RX: EMPBUF wc=100
RX: EMPBUF rx_xmit_es(0010)

RX: cmd=0406
RX: RDSECT unit=0 den=D
RX: RDSECT sa=005
RX: RDSECT ta=032
RX: RDSECT pos=174080. len=256.
RX: RDSECT rx_xmit_es(0050)

RX: cmd=0416
RX: RDERRC unit=0 den=D
RX: RDERRC rx_xmit_es(0050)

RX: cmd=0402
RX: EMPBUF unit=0 den=D
RX: EMPBUF wc=100
RX: EMPBUF rx_xmit_es(0010)

RX: cmd=0406
RX: RDSECT unit=0 den=D
RX: RDSECT sa=010
RX: RDSECT ta=032
RX: RDSECT pos=174848. len=256.
RX: RDSECT rx_xmit_es(0050)

RX: cmd=0416
RX: RDERRC unit=0 den=D
RX: RDERRC rx_xmit_es(0050)

RX: cmd=0402
RX: EMPBUF unit=0 den=D
RX: EMPBUF wc=100
RX: EMPBUF rx_xmit_es(0010)

RX: cmd=0406
RX: RDSECT unit=0 den=D
RX: RDSECT sa=013
RX: RDSECT ta=032
RX: RDSECT pos=175616. len=256.
RX: RDSECT rx_xmit_es(0050)

RX: cmd=0416
RX: RDERRC unit=0 den=D
RX: RDERRC rx_xmit_es(0050)

RX: cmd=0402
RX: EMPBUF unit=0 den=D
RX: EMPBUF wc=100
RX: EMPBUF rx_xmit_es(0010)

RX: cmd=0406
RX: RDSECT unit=0 den=D
RX: RDSECT sa=003
RX: RDSECT ta=031
RX: RDSECT pos=166912. len=256.
RX: RDSECT rx_xmit_es(0050)

RX: cmd=0416
RX: RDERRC unit=0 den=D
RX: RDERRC rx_xmit_es(0050)

RX: cmd=0402
RX: EMPBUF unit=0 den=D
RX: EMPBUF wc=100
RX: EMPBUF rx_xmit_es(0010)

RX: cmd=0406
RX: RDSECT unit=0 den=D
RX: RDSECT sa=006
RX: RDSECT ta=031
RX: RDSECT pos=167680. len=256.
RX: RDSECT rx_xmit_es(0050)

RX: cmd=0416
RX: RDERRC unit=0 den=D
RX: RDERRC rx_xmit_es(0050)

RX: cmd=0402
RX: EMPBUF unit=0 den=D
RX: EMPBUF wc=100
RX: EMPBUF rx_xmit_es(0010)

RX: cmd=0406
RX: RDSECT unit=0 den=D
RX: RDSECT sa=011
RX: RDSECT ta=031
RX: RDSECT pos=168448. len=256.
RX: RDSECT rx_xmit_es(0050)

RX: cmd=0416
RX: RDERRC unit=0 den=D
RX: RDERRC rx_xmit_es(0050)

RX: cmd=0402
RX: EMPBUF unit=0 den=D
RX: EMPBUF wc=100
RX: EMPBUF rx_xmit_es(0010)

RX: cmd=0406
RX: RDSECT unit=0 den=D
RX: RDSECT sa=014
RX: RDSECT ta=031
RX: RDSECT pos=169216. len=256.
RX: RDSECT rx_xmit_es(0050)

RX: cmd=0416
RX: RDERRC unit=0 den=D
RX: RDERRC rx_xmit_es(0050)

RX: cmd=0402
RX: EMPBUF unit=0 den=D
RX: EMPBUF wc=100
RX: EMPBUF rx_xmit_es(0010)

RX: cmd=0406
RX: RDSECT unit=0 den=D
RX: RDSECT sa=027
RX: RDSECT ta=004
RX: RDSECT pos=32256. len=256.
RX: RDSECT rx_xmit_es(0050)

RX: cmd=0416
RX: RDERRC unit=0 den=D
RX: RDERRC rx_xmit_es(0050)

RX: cmd=0402
RX: EMPBUF unit=0 den=D
RX: EMPBUF wc=100
RX: EMPBUF rx_xmit_es(0010)

RX: cmd=0406
RX: RDSECT unit=0 den=D
RX: RDSECT sa=013
RX: RDSECT ta=027
RX: RDSECT pos=155648. len=256.
RX: RDSECT rx_xmit_es(0050)

RX: cmd=0416
RX: RDERRC unit=0 den=D
RX: RDERRC rx_xmit_es(0050)

RX: cmd=0402
RX: EMPBUF unit=0 den=D
RX: EMPBUF wc=100
RX: EMPBUF rx_xmit_es(0010)

RX: cmd=0406
RX: RDSECT unit=0 den=D
RX: RDSECT sa=021
RX: RDSECT ta=027
RX: RDSECT pos=157184. len=256.
RX: RDSECT rx_xmit_es(0050)

RX: cmd=0416
RX: RDERRC unit=0 den=D
RX: RDERRC rx_xmit_es(0050)

RX: cmd=0402
RX: EMPBUF unit=0 den=D
RX: EMPBUF wc=100
RX: EMPBUF rx_xmit_es(0010)

RX: cmd=0406
RX: RDSECT unit=0 den=D
RX: RDSECT sa=024
RX: RDSECT ta=027
RX: RDSECT pos=157952. len=256.
RX: RDSECT rx_xmit_es(0050)

RX: cmd=0416
RX: RDERRC unit=0 den=D
RX: RDERRC rx_xmit_es(0050)

RX: cmd=0402
RX: EMPBUF unit=0 den=D
RX: EMPBUF wc=100
RX: EMPBUF rx_xmit_es(0010)

RX: cmd=0406
RX: RDSECT unit=0 den=D
RX: RDSECT sa=027
RX: RDSECT ta=027
RX: RDSECT pos=158720. len=256.
RX: RDSECT rx_xmit_es(0050)

RX: cmd=0416
RX: RDERRC unit=0 den=D
RX: RDERRC rx_xmit_es(0050)

RX: cmd=0402
RX: EMPBUF unit=0 den=D
RX: EMPBUF wc=100
RX: EMPBUF rx_xmit_es(0010)

RX: cmd=0406
RX: RDSECT unit=0 den=D
RX: RDSECT sa=032
RX: RDSECT ta=027
RX: RDSECT pos=159488. len=256.
RX: RDSECT rx_xmit_es(0050)

RX: cmd=0416
RX: RDERRC unit=0 den=D
RX: RDERRC rx_xmit_es(0050)

RX: cmd=0402
RX: EMPBUF unit=0 den=D
RX: EMPBUF wc=100
RX: EMPBUF rx_xmit_es(0010)

RX: cmd=0406
RX: RDSECT unit=0 den=D
RX: RDSECT sa=003
RX: RDSECT ta=027
RX: RDSECT pos=153600. len=256.
RX: RDSECT rx_xmit_es(0050)

RX: cmd=0416
RX: RDERRC unit=0 den=D
RX: RDERRC rx_xmit_es(0050)

RX: cmd=0402
RX: EMPBUF unit=0 den=D
RX: EMPBUF wc=100
RX: EMPBUF rx_xmit_es(0010)

RX: cmd=0406
RX: RDSECT unit=0 den=D
RX: RDSECT sa=006
RX: RDSECT ta=027
RX: RDSECT pos=154368. len=256.
RX: RDSECT rx_xmit_es(0050)

RX: cmd=0416
RX: RDERRC unit=0 den=D
RX: RDERRC rx_xmit_es(0050)

RX: cmd=0402
RX: EMPBUF unit=0 den=D
RX: EMPBUF wc=100
RX: EMPBUF rx_xmit_es(0010)

RX: cmd=0406
RX: RDSECT unit=0 den=D
RX: RDSECT sa=011
RX: RDSECT ta=027
RX: RDSECT pos=155136. len=256.
RX: RDSECT rx_xmit_es(0050)

RX: cmd=0416
RX: RDERRC unit=0 den=D
RX: RDERRC rx_xmit_es(0050)

RX: cmd=0402
RX: EMPBUF unit=0 den=D
RX: EMPBUF wc=100
RX: EMPBUF rx_xmit_es(0010)

RX: cmd=0406
RX: RDSECT unit=0 den=D
RX: RDSECT sa=014
RX: RDSECT ta=027
RX: RDSECT pos=155904. len=256.
RX: RDSECT rx_xmit_es(0050)

RX: cmd=0416
RX: RDERRC unit=0 den=D
RX: RDERRC rx_xmit_es(0050)

RX: cmd=0402
RX: EMPBUF unit=0 den=D
RX: EMPBUF wc=100
RX: EMPBUF rx_xmit_es(0010)

RX: cmd=0406
RX: RDSECT unit=0 den=D
RX: RDSECT sa=017
RX: RDSECT ta=027
RX: RDSECT pos=156672. len=256.
RX: RDSECT rx_xmit_es(0050)

RX: cmd=0416
RX: RDERRC unit=0 den=D
RX: RDERRC rx_xmit_es(0050)

RX: cmd=0402
RX: EMPBUF unit=0 den=D
RX: EMPBUF wc=100
RX: EMPBUF rx_xmit_es(0010)

RX: cmd=0406
RX: RDSECT unit=0 den=D
RX: RDSECT sa=022
RX: RDSECT ta=027
RX: RDSECT pos=157440. len=256.
RX: RDSECT rx_xmit_es(0050)

RX: cmd=0416
RX: RDERRC unit=0 den=D
RX: RDERRC rx_xmit_es(0050)

RX: cmd=0402
RX: EMPBUF unit=0 den=D
RX: EMPBUF wc=100
RX: EMPBUF rx_xmit_es(0010)

RX: cmd=0406
RX: RDSECT unit=0 den=D
RX: RDSECT sa=025
RX: RDSECT ta=027
RX: RDSECT pos=158208. len=256.
RX: RDSECT rx_xmit_es(0050)

RX: cmd=0416
RX: RDERRC unit=0 den=D
RX: RDERRC rx_xmit_es(0050)

RX: cmd=0402
RX: EMPBUF unit=0 den=D
RX: EMPBUF wc=100
RX: EMPBUF rx_xmit_es(0010)

RX: cmd=0406
RX: RDSECT unit=0 den=D
RX: RDSECT sa=030
RX: RDSECT ta=027
RX: RDSECT pos=158976. len=256.
RX: RDSECT rx_xmit_es(0050)

RX: cmd=0416
RX: RDERRC unit=0 den=D
RX: RDERRC rx_xmit_es(0050)

RX: cmd=0402
RX: EMPBUF unit=0 den=D
RX: EMPBUF wc=100
RX: EMPBUF rx_xmit_es(0010)

RX: cmd=0406
RX: RDSECT unit=0 den=D
RX: RDSECT sa=001
RX: RDSECT ta=030
RX: RDSECT pos=159744. len=256.
RX: RDSECT rx_xmit_es(0050)

RX: cmd=0416
RX: RDERRC unit=0 den=D
RX: RDERRC rx_xmit_es(0050)

RX: cmd=0402
RX: EMPBUF unit=0 den=D
RX: EMPBUF wc=100
RX: EMPBUF rx_xmit_es(0010)

RX: cmd=0406
RX: RDSECT unit=0 den=D
RX: RDSECT sa=004
RX: RDSECT ta=030
RX: RDSECT pos=160512. len=256.
RX: RDSECT rx_xmit_es(0050)

RX: cmd=0416
RX: RDERRC unit=0 den=D
RX: RDERRC rx_xmit_es(0050)

RX: cmd=0402
RX: EMPBUF unit=0 den=D
RX: EMPBUF wc=100
RX: EMPBUF rx_xmit_es(0010)

RX: cmd=0406
RX: RDSECT unit=0 den=D
RX: RDSECT sa=031
RX: RDSECT ta=002
RX: RDSECT pos=19456. len=256.
RX: RDSECT rx_xmit_es(0050)

RX: cmd=0416
RX: RDERRC unit=0 den=D
RX: RDERRC rx_xmit_es(0050)

RX: cmd=0402
RX: EMPBUF unit=0 den=D
RX: EMPBUF wc=100
RX: EMPBUF rx_xmit_es(0010)

RX: cmd=0406
RX: RDSECT unit=0 den=D
RX: RDSECT sa=002
RX: RDSECT ta=002
RX: RDSECT pos=13568. len=256.
RX: RDSECT rx_xmit_es(0050)

RX: cmd=0416
RX: RDERRC unit=0 den=D
RX: RDERRC rx_xmit_es(0050)

RX: cmd=0402
RX: EMPBUF unit=0 den=D
RX: EMPBUF wc=100
RX: EMPBUF rx_xmit_es(0010)

RX: cmd=0406
RX: RDSECT unit=0 den=D
RX: RDSECT sa=005
RX: RDSECT ta=030
RX: RDSECT pos=160768. len=256.
RX: RDSECT rx_xmit_es(0050)

RX: cmd=0416
RX: RDERRC unit=0 den=D
RX: RDERRC rx_xmit_es(0050)

RX: cmd=0402
RX: EMPBUF unit=0 den=D
RX: EMPBUF wc=100
RX: EMPBUF rx_xmit_es(0010)

RX: cmd=0406
RX: RDSECT unit=0 den=D
RX: RDSECT sa=010
RX: RDSECT ta=030
RX: RDSECT pos=161536. len=256.
RX: RDSECT rx_xmit_es(0050)

RX: cmd=0416
RX: RDERRC unit=0 den=D
RX: RDERRC rx_xmit_es(0050)

RX: cmd=0402
RX: EMPBUF unit=0 den=D
RX: EMPBUF wc=100
RX: EMPBUF rx_xmit_es(0010)

RX: cmd=0406
RX: RDSECT unit=0 den=D
RX: RDSECT sa=013
RX: RDSECT ta=030
RX: RDSECT pos=162304. len=256.
RX: RDSECT rx_xmit_es(0050)

RX: cmd=0416
RX: RDERRC unit=0 den=D
RX: RDERRC rx_xmit_es(0050)

RX: cmd=0402
RX: EMPBUF unit=0 den=D
RX: EMPBUF wc=100
RX: EMPBUF rx_xmit_es(0010)

RX: cmd=0406
RX: RDSECT unit=0 den=D
RX: RDSECT sa=007
RX: RDSECT ta=001
RX: RDSECT pos=8192. len=256.
RX: RDSECT rx_xmit_es(0050)

RX: cmd=0416
RX: RDERRC unit=0 den=D
RX: RDERRC rx_xmit_es(0050)

RX: cmd=0402
RX: EMPBUF unit=0 den=D
RX: EMPBUF wc=100
RX: EMPBUF rx_xmit_es(0010)

RX: cmd=0406
RX: RDSECT unit=0 den=D
RX: RDSECT sa=012
RX: RDSECT ta=001
RX: RDSECT pos=8960. len=256.
RX: RDSECT rx_xmit_es(0050)

RX: cmd=0416
RX: RDERRC unit=0 den=D
RX: RDERRC rx_xmit_es(0050)

RX: cmd=0402
RX: EMPBUF unit=0 den=D
RX: EMPBUF wc=100
RX: EMPBUF rx_xmit_es(0010)

RX: cmd=0406
RX: RDSECT unit=0 den=D
RX: RDSECT sa=015
RX: RDSECT ta=001
RX: RDSECT pos=9728. len=256.
RX: RDSECT rx_xmit_es(0050)

RX: cmd=0416
RX: RDERRC unit=0 den=D
RX: RDERRC rx_xmit_es(0050)

RX: cmd=0402
RX: EMPBUF unit=0 den=D
RX: EMPBUF wc=100
RX: EMPBUF rx_xmit_es(0010)

RX: cmd=0406
RX: RDSECT unit=0 den=D
RX: RDSECT sa=020
RX: RDSECT ta=001
RX: RDSECT pos=10496. len=256.
RX: RDSECT rx_xmit_es(0050)

RX: cmd=0416
RX: RDERRC unit=0 den=D
RX: RDERRC rx_xmit_es(0050)

RX: cmd=0402
RX: EMPBUF unit=0 den=D
RX: EMPBUF wc=100
RX: EMPBUF rx_xmit_es(0010)

RX: cmd=0406
RX: RDSECT unit=0 den=D
RX: RDSECT sa=023
RX: RDSECT ta=001
RX: RDSECT pos=11264. len=256.
RX: RDSECT rx_xmit_es(0050)

RX: cmd=0416
RX: RDERRC unit=0 den=D
RX: RDERRC rx_xmit_es(0050)

RX: cmd=0402
RX: EMPBUF unit=0 den=D
RX: EMPBUF wc=100
RX: EMPBUF rx_xmit_es(0010)

RX: cmd=0406
RX: RDSECT unit=0 den=D
RX: RDSECT sa=026
RX: RDSECT ta=001
RX: RDSECT pos=12032. len=256.
RX: RDSECT rx_xmit_es(0050)

RX: cmd=0416
RX: RDERRC unit=0 den=D
RX: RDERRC rx_xmit_es(0050)

RX: cmd=0402
RX: EMPBUF unit=0 den=D
RX: EMPBUF wc=100
RX: EMPBUF rx_xmit_es(0010)

RX: cmd=0406
RX: RDSECT unit=0 den=D
RX: RDSECT sa=031
RX: RDSECT ta=001
RX: RDSECT pos=12800. len=256.
RX: RDSECT rx_xmit_es(0050)

RX: cmd=0416
RX: RDERRC unit=0 den=D
RX: RDERRC rx_xmit_es(0050)

RX: cmd=0402
RX: EMPBUF unit=0 den=D
RX: EMPBUF wc=100
RX: EMPBUF rx_xmit_es(0010)

RX: cmd=0406
RX: RDSECT unit=0 den=D
RX: RDSECT sa=002
RX: RDSECT ta=001
RX: RDSECT pos=6912. len=256.
RX: RDSECT rx_xmit_es(0050)

RX: cmd=0416
RX: RDERRC unit=0 den=D
RX: RDERRC rx_xmit_es(0050)

RX: cmd=0402
RX: EMPBUF unit=0 den=D
RX: EMPBUF wc=100
RX: EMPBUF rx_xmit_es(0010)

RX: cmd=0406
RX: RDSECT unit=0 den=D
RX: RDSECT sa=005
RX: RDSECT ta=001
RX: RDSECT pos=7680. len=256.
RX: RDSECT rx_xmit_es(0050)

RX: cmd=0416
RX: RDERRC unit=0 den=D
RX: RDERRC rx_xmit_es(0050)

RX: cmd=0402
RX: EMPBUF unit=0 den=D
RX: EMPBUF wc=100
RX: EMPBUF rx_xmit_es(0010)

RX: cmd=0406
RX: RDSECT unit=0 den=D
RX: RDSECT sa=010
RX: RDSECT ta=001
RX: RDSECT pos=8448. len=256.
RX: RDSECT rx_xmit_es(0050)

RX: cmd=0416
RX: RDERRC unit=0 den=D
RX: RDERRC rx_xmit_es(0050)

RX: cmd=0402
RX: EMPBUF unit=0 den=D
RX: EMPBUF wc=100
RX: EMPBUF rx_xmit_es(0010)

RX: cmd=0406
RX: RDSECT unit=0 den=D
RX: RDSECT sa=013
RX: RDSECT ta=001
RX: RDSECT pos=9216. len=256.
RX: RDSECT rx_xmit_es(0050)

RX: cmd=0416
RX: RDERRC unit=0 den=D
RX: RDERRC rx_xmit_es(0050)

RX: cmd=0402
RX: EMPBUF unit=0 den=D
RX: EMPBUF wc=100
RX: EMPBUF rx_xmit_es(0010)

RX: cmd=0406
RX: RDSECT unit=0 den=D
RX: RDSECT sa=016
RX: RDSECT ta=001
RX: RDSECT pos=9984. len=256.
RX: RDSECT rx_xmit_es(0050)

RX: cmd=0416
RX: RDERRC unit=0 den=D
RX: RDERRC rx_xmit_es(0050)

RX: cmd=0402
RX: EMPBUF unit=0 den=D
RX: EMPBUF wc=100
RX: EMPBUF rx_xmit_es(0010)

RX: cmd=0406
RX: RDSECT unit=0 den=D
RX: RDSECT sa=001
RX: RDSECT ta=001
RX: RDSECT pos=6656. len=256.
RX: RDSECT rx_xmit_es(0050)

RX: cmd=0416
RX: RDERRC unit=0 den=D
RX: RDERRC rx_xmit_es(0050)

RX: cmd=0402
RX: EMPBUF unit=0 den=D
RX: EMPBUF wc=100
RX: EMPBUF rx_xmit_es(0010)

RX: cmd=0406
RX: RDSECT unit=0 den=D
RX: RDSECT sa=004
RX: RDSECT ta=001
RX: RDSECT pos=7424. len=256.
RX: RDSECT rx_xmit_es(0050)

RX: cmd=0416
RX: RDERRC unit=0 den=D
RX: RDERRC rx_xmit_es(0050)

RX: cmd=0402
RX: EMPBUF unit=0 den=D
RX: EMPBUF wc=100
RX: EMPBUF rx_xmit_es(0010)

RX: cmd=0406
RX: RDSECT unit=0 den=D
RX: RDSECT sa=015
RX: RDSECT ta=005
RX: RDSECT pos=36352. len=256.
RX: RDSECT rx_xmit_es(0050)

RX: cmd=0416
RX: RDERRC unit=0 den=D
RX: RDERRC rx_xmit_es(0050)

RX: cmd=0402
RX: EMPBUF unit=0 den=D
RX: EMPBUF wc=100
RX: EMPBUF rx_xmit_es(0010)

RX: cmd=0406
RX: RDSECT unit=0 den=D
RX: RDSECT sa=021
RX: RDSECT ta=001
RX: RDSECT pos=10752. len=256.
RX: RDSECT rx_xmit_es(0050)

RX: cmd=0416
RX: RDERRC unit=0 den=D
RX: RDERRC rx_xmit_es(0050)

RX: cmd=0402
RX: EMPBUF unit=0 den=D
RX: EMPBUF wc=100
RX: EMPBUF rx_xmit_es(0010)

RX: cmd=0406
RX: RDSECT unit=0 den=D
RX: RDSECT sa=024
RX: RDSECT ta=001
RX: RDSECT pos=11520. len=256.
RX: RDSECT rx_xmit_es(0050)

RX: cmd=0416
RX: RDERRC unit=0 den=D
RX: RDERRC rx_xmit_es(0050)

RX: cmd=0402
RX: EMPBUF unit=0 den=D
RX: EMPBUF wc=100
RX: EMPBUF rx_xmit_es(0010)

RX: cmd=0406
RX: RDSECT unit=0 den=D
RX: RDSECT sa=017
RX: RDSECT ta=001
RX: RDSECT pos=10240. len=256.
RX: RDSECT rx_xmit_es(0050)

RX: cmd=0416
RX: RDERRC unit=0 den=D
RX: RDERRC rx_xmit_es(0050)

RX: cmd=0402
RX: EMPBUF unit=0 den=D
RX: EMPBUF wc=100
RX: EMPBUF rx_xmit_es(0010)

RX: cmd=0406
RX: RDSECT unit=0 den=D
RX: RDSECT sa=022
RX: RDSECT ta=001
RX: RDSECT pos=11008. len=256.
RX: RDSECT rx_xmit_es(0050)

RX: cmd=0416
RX: RDERRC unit=0 den=D
RX: RDERRC rx_xmit_es(0050)

RX: cmd=0402
RX: EMPBUF unit=0 den=D
RX: EMPBUF wc=100
RX: EMPBUF rx_xmit_es(0010)

RX: cmd=0406
RX: RDSECT unit=0 den=D
RX: RDSECT sa=025
RX: RDSECT ta=001
RX: RDSECT pos=11776. len=256.
RX: RDSECT rx_xmit_es(0050)

RX: cmd=0416
RX: RDERRC unit=0 den=D
RX: RDERRC rx_xmit_es(0050)

RX: cmd=0402
RX: EMPBUF unit=0 den=D
RX: EMPBUF wc=100
RX: EMPBUF rx_xmit_es(0010)

RX: cmd=0406
RX: RDSECT unit=0 den=D
RX: RDSECT sa=030
RX: RDSECT ta=001
RX: RDSECT pos=12544. len=256.
RX: RDSECT rx_xmit_es(0050)

RX: cmd=0416
RX: RDERRC unit=0 den=D
RX: RDERRC rx_xmit_es(0050)

RX: cmd=0402
RX: EMPBUF unit=0 den=D
RX: EMPBUF wc=100
RX: EMPBUF rx_xmit_es(0010)

RX: cmd=0406
RX: RDSECT unit=0 den=D
RX: RDSECT sa=001
RX: RDSECT ta=002
RX: RDSECT pos=13312. len=256.
RX: RDSECT rx_xmit_es(0050)

RX: cmd=0416
RX: RDERRC unit=0 den=D
RX: RDERRC rx_xmit_es(0050)

RX: cmd=0402
RX: EMPBUF unit=0 den=D
RX: EMPBUF wc=100
RX: EMPBUF rx_xmit_es(0010)

RX: cmd=0406
RX: RDSECT unit=0 den=D
RX: RDSECT sa=004
RX: RDSECT ta=002
RX: RDSECT pos=14080. len=256.
RX: RDSECT rx_xmit_es(0050)

RX: cmd=0416
RX: RDERRC unit=0 den=D
RX: RDERRC rx_xmit_es(0050)

RX: cmd=0402
RX: EMPBUF unit=0 den=D
RX: EMPBUF wc=100
RX: EMPBUF rx_xmit_es(0010)

RX: cmd=0406
RX: RDSECT unit=0 den=D
RX: RDSECT sa=007
RX: RDSECT ta=002
RX: RDSECT pos=14848. len=256.
RX: RDSECT rx_xmit_es(0050)

RX: cmd=0416
RX: RDERRC unit=0 den=D
RX: RDERRC rx_xmit_es(0050)

RX: cmd=0402
RX: EMPBUF unit=0 den=D
RX: EMPBUF wc=100
RX: EMPBUF rx_xmit_es(0010)

RX: cmd=0406
RX: RDSECT unit=0 den=D
RX: RDSECT sa=012
RX: RDSECT ta=002
RX: RDSECT pos=15616. len=256.
RX: RDSECT rx_xmit_es(0050)

RX: cmd=0416
RX: RDERRC unit=0 den=D
RX: RDERRC rx_xmit_es(0050)

RX: cmd=0402
RX: EMPBUF unit=0 den=D
RX: EMPBUF wc=100
RX: EMPBUF rx_xmit_es(0010)

RX: cmd=0406
RX: RDSECT unit=0 den=D
RX: RDSECT sa=015
RX: RDSECT ta=002
RX: RDSECT pos=16384. len=256.
RX: RDSECT rx_xmit_es(0050)

RX: cmd=0416
RX: RDERRC unit=0 den=D
RX: RDERRC rx_xmit_es(0050)

RX: cmd=0402
RX: EMPBUF unit=0 den=D
RX: EMPBUF wc=100
RX: EMPBUF rx_xmit_es(0010)

RX: cmd=0406
RX: RDSECT unit=0 den=D
RX: RDSECT sa=020
RX: RDSECT ta=002
RX: RDSECT pos=17152. len=256.
RX: RDSECT rx_xmit_es(0050)

RX: cmd=0416
RX: RDERRC unit=0 den=D
RX: RDERRC rx_xmit_es(0050)

RX: cmd=0402
RX: EMPBUF unit=0 den=D
RX: EMPBUF wc=100
RX: EMPBUF rx_xmit_es(0010)

RX: cmd=0406
RX: RDSECT unit=0 den=D
RX: RDSECT sa=023
RX: RDSECT ta=002
RX: RDSECT pos=17920. len=256.
RX: RDSECT rx_xmit_es(0050)

RX: cmd=0416
RX: RDERRC unit=0 den=D
RX: RDERRC rx_xmit_es(0050)

RX: cmd=0402
RX: EMPBUF unit=0 den=D
RX: EMPBUF wc=100
RX: EMPBUF rx_xmit_es(0010)

RX: cmd=0406
RX: RDSECT unit=0 den=D
RX: RDSECT sa=026
RX: RDSECT ta=002
RX: RDSECT pos=18688. len=256.
RX: RDSECT rx_xmit_es(0050)

RX: cmd=0416
RX: RDERRC unit=0 den=D
RX: RDERRC rx_xmit_es(0050)

RX: cmd=0402
RX: EMPBUF unit=0 den=D
RX: EMPBUF wc=100
RX: EMPBUF rx_xmit_es(0010)

RX: cmd=0406
RX: RDSECT unit=0 den=D
RX: RDSECT sa=031
RX: RDSECT ta=002
RX: RDSECT pos=19456. len=256.
RX: RDSECT rx_xmit_es(0050)

RX: cmd=0416
RX: RDERRC unit=0 den=D
RX: RDERRC rx_xmit_es(0050)

RX: cmd=0402
RX: EMPBUF unit=0 den=D
RX: EMPBUF wc=100
RX: EMPBUF rx_xmit_es(0010)

RX: cmd=0406
RX: RDSECT unit=0 den=D
RX: RDSECT sa=002
RX: RDSECT ta=002
RX: RDSECT pos=13568. len=256.
RX: RDSECT rx_xmit_es(0050)

RX: cmd=0416
RX: RDERRC unit=0 den=D
RX: RDERRC rx_xmit_es(0050)

RX: cmd=0402
RX: EMPBUF unit=0 den=D
RX: EMPBUF wc=100
RX: EMPBUF rx_xmit_es(0010)

RX: cmd=0406
RX: RDSECT unit=0 den=D
RX: RDSECT sa=005
RX: RDSECT ta=002
RX: RDSECT pos=14336. len=256.
RX: RDSECT rx_xmit_es(0050)

RX: cmd=0416
RX: RDERRC unit=0 den=D
RX: RDERRC rx_xmit_es(0050)

RX: cmd=0402
RX: EMPBUF unit=0 den=D
RX: EMPBUF wc=100
RX: EMPBUF rx_xmit_es(0010)

RX: cmd=0406
RX: RDSECT unit=0 den=D
RX: RDSECT sa=010
RX: RDSECT ta=002
RX: RDSECT pos=15104. len=256.
RX: RDSECT rx_xmit_es(0050)

RX: cmd=0416
RX: RDERRC unit=0 den=D
RX: RDERRC rx_xmit_es(0050)

RX: cmd=0402
RX: EMPBUF unit=0 den=D
RX: EMPBUF wc=100
RX: EMPBUF rx_xmit_es(0010)

RX: cmd=0406
RX: RDSECT unit=0 den=D
RX: RDSECT sa=013
RX: RDSECT ta=002
RX: RDSECT pos=15872. len=256.
RX: RDSECT rx_xmit_es(0050)

RX: cmd=0416
RX: RDERRC unit=0 den=D
RX: RDERRC rx_xmit_es(0050)

RX: cmd=0402
RX: EMPBUF unit=0 den=D
RX: EMPBUF wc=100
RX: EMPBUF rx_xmit_es(0010)

RX: cmd=0406
RX: RDSECT unit=0 den=D
RX: RDSECT sa=016
RX: RDSECT ta=002
RX: RDSECT pos=16640. len=256.
RX: RDSECT rx_xmit_es(0050)

RX: cmd=0416
RX: RDERRC unit=0 den=D
RX: RDERRC rx_xmit_es(0050)

RX: cmd=0402
RX: EMPBUF unit=0 den=D
RX: EMPBUF wc=100
RX: EMPBUF rx_xmit_es(0010)

RX: cmd=0406
RX: RDSECT unit=0 den=D
RX: RDSECT sa=021
RX: RDSECT ta=002
RX: RDSECT pos=17408. len=256.
RX: RDSECT rx_xmit_es(0050)

RX: cmd=0416
RX: RDERRC unit=0 den=D
RX: RDERRC rx_xmit_es(0050)

RX: cmd=0402
RX: EMPBUF unit=0 den=D
RX: EMPBUF wc=100
RX: EMPBUF rx_xmit_es(0010)

RX: cmd=0406
RX: RDSECT unit=0 den=D
RX: RDSECT sa=024
RX: RDSECT ta=002
RX: RDSECT pos=18176. len=256.
RX: RDSECT rx_xmit_es(0050)

RX: cmd=0416
RX: RDERRC unit=0 den=D
RX: RDERRC rx_xmit_es(0050)

RX: cmd=0402
RX: EMPBUF unit=0 den=D
RX: EMPBUF wc=100
RX: EMPBUF rx_xmit_es(0010)

RX: cmd=0406
RX: RDSECT unit=0 den=D
RX: RDSECT sa=027
RX: RDSECT ta=002
RX: RDSECT pos=18944. len=256.
RX: RDSECT rx_xmit_es(0050)

RX: cmd=0416
RX: RDERRC unit=0 den=D
RX: RDERRC rx_xmit_es(0050)

RX: cmd=0402
RX: EMPBUF unit=0 den=D
RX: EMPBUF wc=100
RX: EMPBUF rx_xmit_es(0010)

RX: cmd=0406
RX: RDSECT unit=0 den=D
RX: RDSECT sa=021
RX: RDSECT ta=001
RX: RDSECT pos=10752. len=256.
RX: RDSECT rx_xmit_es(0050)

RX: cmd=0416
RX: RDERRC unit=0 den=D
RX: RDERRC rx_xmit_es(0050)

RX: cmd=0402
RX: EMPBUF unit=0 den=D
RX: EMPBUF wc=100
RX: EMPBUF rx_xmit_es(0010)

RX: cmd=0406
RX: RDSECT unit=0 den=D
RX: RDSECT sa=024
RX: RDSECT ta=001
RX: RDSECT pos=11520. len=256.
RX: RDSECT rx_xmit_es(0050)

RX: cmd=0416
RX: RDERRC unit=0 den=D
RX: RDERRC rx_xmit_es(0050)

RX: cmd=0402
RX: EMPBUF unit=0 den=D
RX: EMPBUF wc=100
RX: EMPBUF rx_xmit_es(0010)

RX: cmd=0406
RX: RDSECT unit=0 den=D
RX: RDSECT sa=027
RX: RDSECT ta=001
RX: RDSECT pos=12288. len=256.
RX: RDSECT rx_xmit_es(0050)

RX: cmd=0416
RX: RDERRC unit=0 den=D
RX: RDERRC rx_xmit_es(0050)

RX: cmd=0402
RX: EMPBUF unit=0 den=D
RX: EMPBUF wc=100
RX: EMPBUF rx_xmit_es(0010)

RX: cmd=0406
RX: RDSECT unit=0 den=D
RX: RDSECT sa=032
RX: RDSECT ta=001
RX: RDSECT pos=13056. len=256.
RX: RDSECT rx_xmit_es(0050)

RX: cmd=0416
RX: RDERRC unit=0 den=D
RX: RDERRC rx_xmit_es(0050)

RX: cmd=0402
RX: EMPBUF unit=0 den=D
RX: EMPBUF wc=100
RX: EMPBUF rx_xmit_es(0010)

RX: cmd=0406
RX: RDSECT unit=0 den=D
RX: RDSECT sa=003
RX: RDSECT ta=001
RX: RDSECT pos=7168. len=256.
RX: RDSECT rx_xmit_es(0050)

RX: cmd=0416
RX: RDERRC unit=0 den=D
RX: RDERRC rx_xmit_es(0050)

RX: cmd=0402
RX: EMPBUF unit=0 den=D
RX: EMPBUF wc=100
RX: EMPBUF rx_xmit_es(0010)

RX: cmd=0406
RX: RDSECT unit=0 den=D
RX: RDSECT sa=006
RX: RDSECT ta=001
RX: RDSECT pos=7936. len=256.
RX: RDSECT rx_xmit_es(0050)

RX: cmd=0416
RX: RDERRC unit=0 den=D
RX: RDERRC rx_xmit_es(0050)

RX: cmd=0402
RX: EMPBUF unit=0 den=D
RX: EMPBUF wc=100
RX: EMPBUF rx_xmit_es(0010)

RX: cmd=0406
RX: RDSECT unit=0 den=D
RX: RDSECT sa=011
RX: RDSECT ta=001
RX: RDSECT pos=8704. len=256.
RX: RDSECT rx_xmit_es(0050)

RX: cmd=0416
RX: RDERRC unit=0 den=D
RX: RDERRC rx_xmit_es(0050)

RX: cmd=0402
RX: EMPBUF unit=0 den=D
RX: EMPBUF wc=100
RX: EMPBUF rx_xmit_es(0010)

RX: cmd=0406
RX: RDSECT unit=0 den=D
RX: RDSECT sa=014
RX: RDSECT ta=001
RX: RDSECT pos=9472. len=256.
RX: RDSECT rx_xmit_es(0050)

RX: cmd=0416
RX: RDERRC unit=0 den=D
RX: RDERRC rx_xmit_es(0050)

RX: cmd=0402
RX: EMPBUF unit=0 den=D
RX: EMPBUF wc=100
RX: EMPBUF rx_xmit_es(0010)

