RX02 Emulator v1.6 (IDE 1.8.1/gcc 4.9.2) - Mar  7 2017 - 09:27:55
SD: cardType=SD3
SD: cardSize=3781MB
SD: volType=FAT32
SD: volBytesPerCluster=4096
SD: volClusterCount=964992
SD: volSizeBytes=3768MB
2016-09-24 18:02:14     512512 RX0.DSK
2016-09-27 15:06:44     512512 RX1.DSK
2016-09-27 15:06:44     512512 XXDP.DSK
2016-09-26 15:37:38     512512 RT11.DSK
2000-01-01 01:00:00         50 SETUP.INI
2016-11-26 15:37:04     512512 11XX_5.rx2
2016-11-26 15:37:14     512512 11XX_9.rx2
2016-11-26 15:37:24     512512 11xxdp.rx2
2016-11-26 15:35:08     512512 1104_1.rx2
2016-11-26 15:35:22     512512 1123_1.rx2
2016-11-26 15:35:32     512512 1123_2.rx2
2016-11-26 15:35:44     512512 1134_1.rx2
2016-11-26 15:35:56     512512 1134_2.rx2
2016-11-26 15:36:08     512512 1144_1.rx2
2016-11-26 15:36:18     512512 1144_2.rx2
2016-11-26 15:36:28     512512 11XX_1.rx2
2016-11-26 15:36:38     512512 11XX_2.rx2
2016-11-26 15:36:48     512512 11XX_3.rx2
2016-11-26 15:36:56     512512 11XX_4.rx2
2017-02-14 22:05:08     512512 RT11.RX2
Valid MicroSD card detected.
RX: waiting for INIT to clear ... t=1156ms
RX: INIT has NOT cleared t=11157ms
RX: INIT rx_xmit_es(0244)

Processing setup file 'SETUP.INI' ...
0 RX0.DSK
Setting file[0]: 'RX0.DSK'
Y 0
Setting file[0] mode: R/W
1 RX1.DSK
Setting file[1]: 'RX1.DSK'
Y 1
Setting file[1] mode: R/W
D 1
Setting debug mode: 1 (Low)
M 2
Setting emulation mode: 2 (RX02)
T 0
Setting timing mode: 0 (Fastest)
S
Current file[0]: 'RX0.DSK' (R/W)
Current file[1]: 'RX1.DSK' (R/W)
... setup file processing complete!

Initialization complete.
0 XXDP.DSK
Setting file[0]: 'XXDP.DSK'

RX: waiting for INIT to clear ... t=71587ms
RX: INIT has cleared t=71683ms
RX: INIT rx_xmit_es(0244)

RX: cmd=0007
RX: RDSECT unit=0 den=S
RX: RDSECT sa=001
RX: RDSECT ta=001
RX: RDSECT rx_xmit_es(0060)

RX: waiting for INIT to clear ... t=71706ms
RX: INIT has cleared t=71801ms
RX: INIT rx_xmit_es(0244)

RX: cmd=0407
RX: RDSECT unit=0 den=D
RX: RDSECT sa=001
RX: RDSECT ta=001
RX: RDSECT pos=6656. len=256.
RX: RDSECT rx_xmit_es(0040)

RX: cmd=0403
RX: EMPBUF unit=0 den=D
RX: EMPBUF wc=200
RX: EMPBUF rx_xmit_es(0000)

RX: cmd=0407
RX: RDSECT unit=0 den=D
RX: RDSECT sa=003
RX: RDSECT ta=001
RX: RDSECT pos=7168. len=256.
RX: RDSECT rx_xmit_es(0040)

RX: cmd=0403
RX: EMPBUF unit=0 den=D
RX: EMPBUF wc=200
RX: EMPBUF rx_xmit_es(0000)

RX: cmd=0407
RX: RDSECT unit=0 den=D
RX: RDSECT sa=005
RX: RDSECT ta=001
RX: RDSECT pos=7680. len=256.
RX: RDSECT rx_xmit_es(0040)

RX: cmd=0403
RX: EMPBUF unit=0 den=D
RX: EMPBUF wc=200
RX: EMPBUF rx_xmit_es(0000)

RX: cmd=0407
RX: RDSECT unit=0 den=D
RX: RDSECT sa=007
RX: RDSECT ta=001
RX: RDSECT pos=8192. len=256.
RX: RDSECT rx_xmit_es(0040)

RX: cmd=0403
RX: EMPBUF unit=0 den=D
RX: EMPBUF wc=200
RX: EMPBUF rx_xmit_es(0000)

RX: cmd=0407
RX: RDSECT unit=0 den=D
RX: RDSECT sa=032
RX: RDSECT ta=002
RX: RDSECT pos=19712. len=256.
RX: RDSECT rx_xmit_es(0040)

RX: cmd=0403
RX: EMPBUF unit=0 den=D
RX: EMPBUF wc=200
RX: EMPBUF rx_xmit_es(0000)

RX: cmd=0407
RX: RDSECT unit=0 den=D
RX: RDSECT sa=002
RX: RDSECT ta=002
RX: RDSECT pos=13568. len=256.
RX: RDSECT rx_xmit_es(0040)

RX: cmd=0403
RX: EMPBUF unit=0 den=D
RX: EMPBUF wc=200
RX: EMPBUF rx_xmit_es(0000)

RX: cmd=0407
RX: RDSECT unit=0 den=D
RX: RDSECT sa=004
RX: RDSECT ta=002
RX: RDSECT pos=14080. len=256.
RX: RDSECT rx_xmit_es(0040)

RX: cmd=0403
RX: EMPBUF unit=0 den=D
RX: EMPBUF wc=200
RX: EMPBUF rx_xmit_es(0000)

RX: cmd=0407
RX: RDSECT unit=0 den=D
RX: RDSECT sa=006
RX: RDSECT ta=002
RX: RDSECT pos=14592. len=256.
RX: RDSECT rx_xmit_es(0040)

RX: cmd=0403
RX: EMPBUF unit=0 den=D
RX: EMPBUF wc=200
RX: EMPBUF rx_xmit_es(0000)

RX: cmd=0407
RX: RDSECT unit=0 den=D
RX: RDSECT sa=015
RX: RDSECT ta=003
RX: RDSECT pos=23040. len=256.
RX: RDSECT rx_xmit_es(0040)

RX: cmd=0403
RX: EMPBUF unit=0 den=D
RX: EMPBUF wc=200
RX: EMPBUF rx_xmit_es(0000)

RX: cmd=0407
RX: RDSECT unit=0 den=D
RX: RDSECT sa=017
RX: RDSECT ta=003
RX: RDSECT pos=23552. len=256.
RX: RDSECT rx_xmit_es(0040)

RX: cmd=0403
RX: EMPBUF unit=0 den=D
RX: EMPBUF wc=200
RX: EMPBUF rx_xmit_es(0000)

RX: cmd=0407
RX: RDSECT unit=0 den=D
RX: RDSECT sa=021
RX: RDSECT ta=003
RX: RDSECT pos=24064. len=256.
RX: RDSECT rx_xmit_es(0040)

RX: cmd=0403
RX: EMPBUF unit=0 den=D
RX: EMPBUF wc=200
RX: EMPBUF rx_xmit_es(0000)

RX: cmd=0407
RX: RDSECT unit=0 den=D
RX: RDSECT sa=023
RX: RDSECT ta=003
RX: RDSECT pos=24576. len=256.
RX: RDSECT rx_xmit_es(0040)

RX: cmd=0403
RX: EMPBUF unit=0 den=D
RX: EMPBUF wc=200
RX: EMPBUF rx_xmit_es(0000)

RX: cmd=0407
RX: RDSECT unit=0 den=D
RX: RDSECT sa=025
RX: RDSECT ta=003
RX: RDSECT pos=25088. len=256.
RX: RDSECT rx_xmit_es(0040)

RX: cmd=0403
RX: EMPBUF unit=0 den=D
RX: EMPBUF wc=200
RX: EMPBUF rx_xmit_es(0000)

RX: cmd=0407
RX: RDSECT unit=0 den=D
RX: RDSECT sa=027
RX: RDSECT ta=003
RX: RDSECT pos=25600. len=256.
RX: RDSECT rx_xmit_es(0040)

RX: cmd=0403
RX: EMPBUF unit=0 den=D
RX: EMPBUF wc=200
RX: EMPBUF rx_xmit_es(0000)

RX: cmd=0407
RX: RDSECT unit=0 den=D
RX: RDSECT sa=031
RX: RDSECT ta=003
RX: RDSECT pos=26112. len=256.
RX: RDSECT rx_xmit_es(0040)

RX: cmd=0403
RX: EMPBUF unit=0 den=D
RX: EMPBUF wc=200
RX: EMPBUF rx_xmit_es(0000)

RX: cmd=0407
RX: RDSECT unit=0 den=D
RX: RDSECT sa=001
RX: RDSECT ta=003
RX: RDSECT pos=19968. len=256.
RX: RDSECT rx_xmit_es(0040)

RX: cmd=0403
RX: EMPBUF unit=0 den=D
RX: EMPBUF wc=200
RX: EMPBUF rx_xmit_es(0000)

RX: cmd=0407
RX: RDSECT unit=0 den=D
RX: RDSECT sa=003
RX: RDSECT ta=003
RX: RDSECT pos=20480. len=256.
RX: RDSECT rx_xmit_es(0040)

RX: cmd=0403
RX: EMPBUF unit=0 den=D
RX: EMPBUF wc=200
RX: EMPBUF rx_xmit_es(0000)

RX: cmd=0407
RX: RDSECT unit=0 den=D
RX: RDSECT sa=005
RX: RDSECT ta=003
RX: RDSECT pos=20992. len=256.
RX: RDSECT rx_xmit_es(0040)

RX: cmd=0403
RX: EMPBUF unit=0 den=D
RX: EMPBUF wc=200
RX: EMPBUF rx_xmit_es(0000)

RX: cmd=0407
RX: RDSECT unit=0 den=D
RX: RDSECT sa=007
RX: RDSECT ta=003
RX: RDSECT pos=21504. len=256.
RX: RDSECT rx_xmit_es(0040)

RX: cmd=0403
RX: EMPBUF unit=0 den=D
RX: EMPBUF wc=200
RX: EMPBUF rx_xmit_es(0000)

RX: cmd=0407
RX: RDSECT unit=0 den=D
RX: RDSECT sa=011
RX: RDSECT ta=003
RX: RDSECT pos=22016. len=256.
RX: RDSECT rx_xmit_es(0040)

RX: cmd=0403
RX: EMPBUF unit=0 den=D
RX: EMPBUF wc=200
RX: EMPBUF rx_xmit_es(0000)

RX: cmd=0407
RX: RDSECT unit=0 den=D
RX: RDSECT sa=013
RX: RDSECT ta=003
RX: RDSECT pos=22528. len=256.
RX: RDSECT rx_xmit_es(0040)

RX: cmd=0403
RX: EMPBUF unit=0 den=D
RX: EMPBUF wc=200
RX: EMPBUF rx_xmit_es(0000)

RX: cmd=0407
RX: RDSECT unit=0 den=D
RX: RDSECT sa=016
RX: RDSECT ta=003
RX: RDSECT pos=23296. len=256.
RX: RDSECT rx_xmit_es(0040)

RX: cmd=0403
RX: EMPBUF unit=0 den=D
RX: EMPBUF wc=200
RX: EMPBUF rx_xmit_es(0000)

RX: cmd=0407
RX: RDSECT unit=0 den=D
RX: RDSECT sa=020
RX: RDSECT ta=003
RX: RDSECT pos=23808. len=256.
RX: RDSECT rx_xmit_es(0040)

RX: cmd=0403
RX: EMPBUF unit=0 den=D
RX: EMPBUF wc=200
RX: EMPBUF rx_xmit_es(0000)

RX: cmd=0407
RX: RDSECT unit=0 den=D
RX: RDSECT sa=022
RX: RDSECT ta=003
RX: RDSECT pos=24320. len=256.
RX: RDSECT rx_xmit_es(0040)

RX: cmd=0403
RX: EMPBUF unit=0 den=D
RX: EMPBUF wc=200
RX: EMPBUF rx_xmit_es(0000)

RX: cmd=0407
RX: RDSECT unit=0 den=D
RX: RDSECT sa=024
RX: RDSECT ta=003
RX: RDSECT pos=24832. len=256.
RX: RDSECT rx_xmit_es(0040)

RX: cmd=0403
RX: EMPBUF unit=0 den=D
RX: EMPBUF wc=200
RX: EMPBUF rx_xmit_es(0000)

RX: cmd=0407
RX: RDSECT unit=0 den=D
RX: RDSECT sa=026
RX: RDSECT ta=003
RX: RDSECT pos=25344. len=256.
RX: RDSECT rx_xmit_es(0040)

RX: cmd=0403
RX: EMPBUF unit=0 den=D
RX: EMPBUF wc=200
RX: EMPBUF rx_xmit_es(0000)

RX: cmd=0407
RX: RDSECT unit=0 den=D
RX: RDSECT sa=030
RX: RDSECT ta=003
RX: RDSECT pos=25856. len=256.
RX: RDSECT rx_xmit_es(0040)

RX: cmd=0403
RX: EMPBUF unit=0 den=D
RX: EMPBUF wc=200
RX: EMPBUF rx_xmit_es(0000)

RX: cmd=0407
RX: RDSECT unit=0 den=D
RX: RDSECT sa=032
RX: RDSECT ta=003
RX: RDSECT pos=26368. len=256.
RX: RDSECT rx_xmit_es(0040)

RX: cmd=0403
RX: EMPBUF unit=0 den=D
RX: EMPBUF wc=200
RX: EMPBUF rx_xmit_es(0000)

RX: cmd=0407
RX: RDSECT unit=0 den=D
RX: RDSECT sa=002
RX: RDSECT ta=003
RX: RDSECT pos=20224. len=256.
RX: RDSECT rx_xmit_es(0040)

RX: cmd=0403
RX: EMPBUF unit=0 den=D
RX: EMPBUF wc=200
RX: EMPBUF rx_xmit_es(0000)

RX: cmd=0407
RX: RDSECT unit=0 den=D
RX: RDSECT sa=004
RX: RDSECT ta=003
RX: RDSECT pos=20736. len=256.
RX: RDSECT rx_xmit_es(0040)

RX: cmd=0403
RX: EMPBUF unit=0 den=D
RX: EMPBUF wc=200
RX: EMPBUF rx_xmit_es(0000)

RX: cmd=0407
RX: RDSECT unit=0 den=D
RX: RDSECT sa=006
RX: RDSECT ta=003
RX: RDSECT pos=21248. len=256.
RX: RDSECT rx_xmit_es(0040)

RX: cmd=0403
RX: EMPBUF unit=0 den=D
RX: EMPBUF wc=200
RX: EMPBUF rx_xmit_es(0000)

RX: cmd=0407
RX: RDSECT unit=0 den=D
RX: RDSECT sa=010
RX: RDSECT ta=003
RX: RDSECT pos=21760. len=256.
RX: RDSECT rx_xmit_es(0040)

RX: cmd=0403
RX: EMPBUF unit=0 den=D
RX: EMPBUF wc=200
RX: EMPBUF rx_xmit_es(0000)

RX: cmd=0407
RX: RDSECT unit=0 den=D
RX: RDSECT sa=012
RX: RDSECT ta=003
RX: RDSECT pos=22272. len=256.
RX: RDSECT rx_xmit_es(0040)

RX: cmd=0403
RX: EMPBUF unit=0 den=D
RX: EMPBUF wc=200
RX: EMPBUF rx_xmit_es(0000)

RX: cmd=0407
RX: RDSECT unit=0 den=D
RX: RDSECT sa=014
RX: RDSECT ta=003
RX: RDSECT pos=22784. len=256.
RX: RDSECT rx_xmit_es(0040)

RX: cmd=0403
RX: EMPBUF unit=0 den=D
RX: EMPBUF wc=200
RX: EMPBUF rx_xmit_es(0000)

RX: cmd=0407
RX: RDSECT unit=0 den=D
RX: RDSECT sa=023
RX: RDSECT ta=004
RX: RDSECT pos=31232. len=256.
RX: RDSECT rx_xmit_es(0040)

RX: cmd=0403
RX: EMPBUF unit=0 den=D
RX: EMPBUF wc=200
RX: EMPBUF rx_xmit_es(0000)

RX: cmd=0407
RX: RDSECT unit=0 den=D
RX: RDSECT sa=025
RX: RDSECT ta=004
RX: RDSECT pos=31744. len=256.
RX: RDSECT rx_xmit_es(0040)

RX: cmd=0403
RX: EMPBUF unit=0 den=D
RX: EMPBUF wc=200
RX: EMPBUF rx_xmit_es(0000)

RX: cmd=0407
RX: RDSECT unit=0 den=D
RX: RDSECT sa=027
RX: RDSECT ta=004
RX: RDSECT pos=32256. len=256.
RX: RDSECT rx_xmit_es(0040)

RX: cmd=0403
RX: EMPBUF unit=0 den=D
RX: EMPBUF wc=200
RX: EMPBUF rx_xmit_es(0000)

RX: cmd=0407
RX: RDSECT unit=0 den=D
RX: RDSECT sa=031
RX: RDSECT ta=004
RX: RDSECT pos=32768. len=256.
RX: RDSECT rx_xmit_es(0040)

RX: cmd=0403
RX: EMPBUF unit=0 den=D
RX: EMPBUF wc=200
RX: EMPBUF rx_xmit_es(0000)

RX: cmd=0407
RX: RDSECT unit=0 den=D
RX: RDSECT sa=001
RX: RDSECT ta=004
RX: RDSECT pos=26624. len=256.
RX: RDSECT rx_xmit_es(0040)

RX: cmd=0403
RX: EMPBUF unit=0 den=D
RX: EMPBUF wc=200
RX: EMPBUF rx_xmit_es(0000)

RX: cmd=0407
RX: RDSECT unit=0 den=D
RX: RDSECT sa=003
RX: RDSECT ta=004
RX: RDSECT pos=27136. len=256.
RX: RDSECT rx_xmit_es(0040)

RX: cmd=0403
RX: EMPBUF unit=0 den=D
RX: EMPBUF wc=200
RX: EMPBUF rx_xmit_es(0000)

RX: cmd=0407
RX: RDSECT unit=0 den=D
RX: RDSECT sa=005
RX: RDSECT ta=004
RX: RDSECT pos=27648. len=256.
RX: RDSECT rx_xmit_es(0040)

RX: cmd=0403
RX: EMPBUF unit=0 den=D
RX: EMPBUF wc=200
RX: EMPBUF rx_xmit_es(0000)

RX: cmd=0407
RX: RDSECT unit=0 den=D
RX: RDSECT sa=007
RX: RDSECT ta=004
RX: RDSECT pos=28160. len=256.
RX: RDSECT rx_xmit_es(0040)

RX: cmd=0403
RX: EMPBUF unit=0 den=D
RX: EMPBUF wc=200
RX: EMPBUF rx_xmit_es(0000)

RX: cmd=0407
RX: RDSECT unit=0 den=D
RX: RDSECT sa=011
RX: RDSECT ta=004
RX: RDSECT pos=28672. len=256.
RX: RDSECT rx_xmit_es(0040)

RX: cmd=0403
RX: EMPBUF unit=0 den=D
RX: EMPBUF wc=200
RX: EMPBUF rx_xmit_es(0000)

RX: cmd=0407
RX: RDSECT unit=0 den=D
RX: RDSECT sa=013
RX: RDSECT ta=004
RX: RDSECT pos=29184. len=256.
RX: RDSECT rx_xmit_es(0040)

RX: cmd=0403
RX: EMPBUF unit=0 den=D
RX: EMPBUF wc=200
RX: EMPBUF rx_xmit_es(0000)

RX: cmd=0407
RX: RDSECT unit=0 den=D
RX: RDSECT sa=015
RX: RDSECT ta=004
RX: RDSECT pos=29696. len=256.
RX: RDSECT rx_xmit_es(0040)

RX: cmd=0403
RX: EMPBUF unit=0 den=D
RX: EMPBUF wc=200
RX: EMPBUF rx_xmit_es(0000)

RX: cmd=0407
RX: RDSECT unit=0 den=D
RX: RDSECT sa=017
RX: RDSECT ta=004
RX: RDSECT pos=30208. len=256.
RX: RDSECT rx_xmit_es(0040)

RX: cmd=0403
RX: EMPBUF unit=0 den=D
RX: EMPBUF wc=200
RX: EMPBUF rx_xmit_es(0000)

RX: cmd=0407
RX: RDSECT unit=0 den=D
RX: RDSECT sa=021
RX: RDSECT ta=004
RX: RDSECT pos=30720. len=256.
RX: RDSECT rx_xmit_es(0040)

RX: cmd=0403
RX: EMPBUF unit=0 den=D
RX: EMPBUF wc=200
RX: EMPBUF rx_xmit_es(0000)

RX: cmd=0407
RX: RDSECT unit=0 den=D
RX: RDSECT sa=024
RX: RDSECT ta=004
RX: RDSECT pos=31488. len=256.
RX: RDSECT rx_xmit_es(0040)

RX: cmd=0403
RX: EMPBUF unit=0 den=D
RX: EMPBUF wc=200
RX: EMPBUF rx_xmit_es(0000)

RX: cmd=0407
RX: RDSECT unit=0 den=D
RX: RDSECT sa=026
RX: RDSECT ta=004
RX: RDSECT pos=32000. len=256.
RX: RDSECT rx_xmit_es(0040)

RX: cmd=0403
RX: EMPBUF unit=0 den=D
RX: EMPBUF wc=200
RX: EMPBUF rx_xmit_es(0000)

RX: cmd=0407
RX: RDSECT unit=0 den=D
RX: RDSECT sa=030
RX: RDSECT ta=004
RX: RDSECT pos=32512. len=256.
RX: RDSECT rx_xmit_es(0040)

RX: cmd=0403
RX: EMPBUF unit=0 den=D
RX: EMPBUF wc=200
RX: EMPBUF rx_xmit_es(0000)

RX: cmd=0407
RX: RDSECT unit=0 den=D
RX: RDSECT sa=032
RX: RDSECT ta=004
RX: RDSECT pos=33024. len=256.
RX: RDSECT rx_xmit_es(0040)

RX: cmd=0403
RX: EMPBUF unit=0 den=D
RX: EMPBUF wc=200
RX: EMPBUF rx_xmit_es(0000)

RX: cmd=0407
RX: RDSECT unit=0 den=D
RX: RDSECT sa=002
RX: RDSECT ta=004
RX: RDSECT pos=26880. len=256.
RX: RDSECT rx_xmit_es(0040)

RX: cmd=0403
RX: EMPBUF unit=0 den=D
RX: EMPBUF wc=200
RX: EMPBUF rx_xmit_es(0000)

RX: cmd=0407
RX: RDSECT unit=0 den=D
RX: RDSECT sa=004
RX: RDSECT ta=004
RX: RDSECT pos=27392. len=256.
RX: RDSECT rx_xmit_es(0040)

RX: cmd=0403
RX: EMPBUF unit=0 den=D
RX: EMPBUF wc=200
RX: EMPBUF rx_xmit_es(0000)

RX: cmd=0407
RX: RDSECT unit=0 den=D
RX: RDSECT sa=006
RX: RDSECT ta=004
RX: RDSECT pos=27904. len=256.
RX: RDSECT rx_xmit_es(0040)

RX: cmd=0403
RX: EMPBUF unit=0 den=D
RX: EMPBUF wc=200
RX: EMPBUF rx_xmit_es(0000)

RX: cmd=0407
RX: RDSECT unit=0 den=D
RX: RDSECT sa=010
RX: RDSECT ta=004
RX: RDSECT pos=28416. len=256.
RX: RDSECT rx_xmit_es(0040)

RX: cmd=0403
RX: EMPBUF unit=0 den=D
RX: EMPBUF wc=200
RX: EMPBUF rx_xmit_es(0000)

RX: cmd=0407
RX: RDSECT unit=0 den=D
RX: RDSECT sa=012
RX: RDSECT ta=004
RX: RDSECT pos=28928. len=256.
RX: RDSECT rx_xmit_es(0040)

RX: cmd=0403
RX: EMPBUF unit=0 den=D
RX: EMPBUF wc=200
RX: EMPBUF rx_xmit_es(0000)

RX: cmd=0407
RX: RDSECT unit=0 den=D
RX: RDSECT sa=014
RX: RDSECT ta=004
RX: RDSECT pos=29440. len=256.
RX: RDSECT rx_xmit_es(0040)

RX: cmd=0403
RX: EMPBUF unit=0 den=D
RX: EMPBUF wc=200
RX: EMPBUF rx_xmit_es(0000)

RX: cmd=0407
RX: RDSECT unit=0 den=D
RX: RDSECT sa=016
RX: RDSECT ta=004
RX: RDSECT pos=29952. len=256.
RX: RDSECT rx_xmit_es(0040)

RX: cmd=0403
RX: EMPBUF unit=0 den=D
RX: EMPBUF wc=200
RX: EMPBUF rx_xmit_es(0000)

RX: cmd=0407
RX: RDSECT unit=0 den=D
RX: RDSECT sa=020
RX: RDSECT ta=004
RX: RDSECT pos=30464. len=256.
RX: RDSECT rx_xmit_es(0040)

RX: cmd=0403
RX: EMPBUF unit=0 den=D
RX: EMPBUF wc=200
RX: EMPBUF rx_xmit_es(0000)

RX: cmd=0407
RX: RDSECT unit=0 den=D
RX: RDSECT sa=022
RX: RDSECT ta=004
RX: RDSECT pos=30976. len=256.
RX: RDSECT rx_xmit_es(0040)

RX: cmd=0403
RX: EMPBUF unit=0 den=D
RX: EMPBUF wc=200
RX: EMPBUF rx_xmit_es(0000)

RX: cmd=0407
RX: RDSECT unit=0 den=D
RX: RDSECT sa=031
RX: RDSECT ta=005
RX: RDSECT pos=39424. len=256.
RX: RDSECT rx_xmit_es(0040)

RX: cmd=0403
RX: EMPBUF unit=0 den=D
RX: EMPBUF wc=200
RX: EMPBUF rx_xmit_es(0000)

RX: cmd=0407
RX: RDSECT unit=0 den=D
RX: RDSECT sa=001
RX: RDSECT ta=005
RX: RDSECT pos=33280. len=256.
RX: RDSECT rx_xmit_es(0040)

RX: cmd=0403
RX: EMPBUF unit=0 den=D
RX: EMPBUF wc=200
RX: EMPBUF rx_xmit_es(0000)

RX: cmd=0407
RX: RDSECT unit=0 den=D
RX: RDSECT sa=003
RX: RDSECT ta=005
RX: RDSECT pos=33792. len=256.
RX: RDSECT rx_xmit_es(0040)

RX: cmd=0403
RX: EMPBUF unit=0 den=D
RX: EMPBUF wc=200
RX: EMPBUF rx_xmit_es(0000)

RX: cmd=0407
RX: RDSECT unit=0 den=D
RX: RDSECT sa=005
RX: RDSECT ta=005
RX: RDSECT pos=34304. len=256.
RX: RDSECT rx_xmit_es(0040)

RX: cmd=0403
RX: EMPBUF unit=0 den=D
RX: EMPBUF wc=200
RX: EMPBUF rx_xmit_es(0000)

RX: cmd=0407
RX: RDSECT unit=0 den=D
RX: RDSECT sa=007
RX: RDSECT ta=005
RX: RDSECT pos=34816. len=256.
RX: RDSECT rx_xmit_es(0040)

RX: cmd=0403
RX: EMPBUF unit=0 den=D
RX: EMPBUF wc=200
RX: EMPBUF rx_xmit_es(0000)

RX: cmd=0407
RX: RDSECT unit=0 den=D
RX: RDSECT sa=011
RX: RDSECT ta=005
RX: RDSECT pos=35328. len=256.
RX: RDSECT rx_xmit_es(0040)

RX: cmd=0403
RX: EMPBUF unit=0 den=D
RX: EMPBUF wc=200
RX: EMPBUF rx_xmit_es(0000)

RX: cmd=0413
RX: RDSTAT unit=0 den=D
RX: RDSTAT rx_xmit_es(0240)

RX: cmd=0407
RX: RDSECT unit=0 den=D
RX: RDSECT sa=031
RX: RDSECT ta=003
RX: RDSECT pos=26112. len=256.
RX: RDSECT rx_xmit_es(0040)

RX: cmd=0403
RX: EMPBUF unit=0 den=D
RX: EMPBUF wc=200
RX: EMPBUF rx_xmit_es(0000)

RX: cmd=0407
RX: RDSECT unit=0 den=D
RX: RDSECT sa=001
RX: RDSECT ta=003
RX: RDSECT pos=19968. len=256.
RX: RDSECT rx_xmit_es(0040)

RX: cmd=0403
RX: EMPBUF unit=0 den=D
RX: EMPBUF wc=200
RX: EMPBUF rx_xmit_es(0000)

RX: cmd=0407
RX: RDSECT unit=0 den=D
RX: RDSECT sa=003
RX: RDSECT ta=003
RX: RDSECT pos=20480. len=256.
RX: RDSECT rx_xmit_es(0040)

RX: cmd=0403
RX: EMPBUF unit=0 den=D
RX: EMPBUF wc=200
RX: EMPBUF rx_xmit_es(0000)

RX: cmd=0407
RX: RDSECT unit=0 den=D
RX: RDSECT sa=005
RX: RDSECT ta=003
RX: RDSECT pos=20992. len=256.
RX: RDSECT rx_xmit_es(0040)

RX: cmd=0403
RX: EMPBUF unit=0 den=D
RX: EMPBUF wc=200
RX: EMPBUF rx_xmit_es(0000)

RX: cmd=0407
RX: RDSECT unit=0 den=D
RX: RDSECT sa=023
RX: RDSECT ta=004
RX: RDSECT pos=31232. len=256.
RX: RDSECT rx_xmit_es(0040)

RX: cmd=0403
RX: EMPBUF unit=0 den=D
RX: EMPBUF wc=200
RX: EMPBUF rx_xmit_es(0000)

RX: cmd=0407
RX: RDSECT unit=0 den=D
RX: RDSECT sa=025
RX: RDSECT ta=004
RX: RDSECT pos=31744. len=256.
RX: RDSECT rx_xmit_es(0040)

RX: cmd=0403
RX: EMPBUF unit=0 den=D
RX: EMPBUF wc=200
RX: EMPBUF rx_xmit_es(0000)

RX: cmd=0407
RX: RDSECT unit=0 den=D
RX: RDSECT sa=015
RX: RDSECT ta=001
RX: RDSECT pos=9728. len=256.
RX: RDSECT rx_xmit_es(0040)

RX: cmd=0403
RX: EMPBUF unit=0 den=D
RX: EMPBUF wc=200
RX: EMPBUF rx_xmit_es(0000)

RX: cmd=0407
RX: RDSECT unit=0 den=D
RX: RDSECT sa=017
RX: RDSECT ta=001
RX: RDSECT pos=10240. len=256.
RX: RDSECT rx_xmit_es(0040)

RX: cmd=0403
RX: EMPBUF unit=0 den=D
RX: EMPBUF wc=200
RX: EMPBUF rx_xmit_es(0000)

RX: cmd=0407
RX: RDSECT unit=0 den=D
RX: RDSECT sa=021
RX: RDSECT ta=001
RX: RDSECT pos=10752. len=256.
RX: RDSECT rx_xmit_es(0040)

RX: cmd=0403
RX: EMPBUF unit=0 den=D
RX: EMPBUF wc=200
RX: EMPBUF rx_xmit_es(0000)

RX: cmd=0407
RX: RDSECT unit=0 den=D
RX: RDSECT sa=023
RX: RDSECT ta=001
RX: RDSECT pos=11264. len=256.
RX: RDSECT rx_xmit_es(0040)

RX: cmd=0403
RX: EMPBUF unit=0 den=D
RX: EMPBUF wc=200
RX: EMPBUF rx_xmit_es(0000)

RX: cmd=0407
RX: RDSECT unit=0 den=D
RX: RDSECT sa=025
RX: RDSECT ta=001
RX: RDSECT pos=11776. len=256.
RX: RDSECT rx_xmit_es(0040)

RX: cmd=0403
RX: EMPBUF unit=0 den=D
RX: EMPBUF wc=200
RX: EMPBUF rx_xmit_es(0000)

RX: cmd=0407
RX: RDSECT unit=0 den=D
RX: RDSECT sa=027
RX: RDSECT ta=001
RX: RDSECT pos=12288. len=256.
RX: RDSECT rx_xmit_es(0040)

RX: cmd=0403
RX: EMPBUF unit=0 den=D
RX: EMPBUF wc=200
RX: EMPBUF rx_xmit_es(0000)

RX: cmd=0407
RX: RDSECT unit=0 den=D
RX: RDSECT sa=031
RX: RDSECT ta=001
RX: RDSECT pos=12800. len=256.
RX: RDSECT rx_xmit_es(0040)

RX: cmd=0403
RX: EMPBUF unit=0 den=D
RX: EMPBUF wc=200
RX: EMPBUF rx_xmit_es(0000)

RX: cmd=0407
RX: RDSECT unit=0 den=D
RX: RDSECT sa=002
RX: RDSECT ta=001
RX: RDSECT pos=6912. len=256.
RX: RDSECT rx_xmit_es(0040)

RX: cmd=0403
RX: EMPBUF unit=0 den=D
RX: EMPBUF wc=200
RX: EMPBUF rx_xmit_es(0000)

RX: cmd=0407
RX: RDSECT unit=0 den=D
RX: RDSECT sa=004
RX: RDSECT ta=001
RX: RDSECT pos=7424. len=256.
RX: RDSECT rx_xmit_es(0040)

RX: cmd=0403
RX: EMPBUF unit=0 den=D
RX: EMPBUF wc=200
RX: EMPBUF rx_xmit_es(0000)

RX: cmd=0407
RX: RDSECT unit=0 den=D
RX: RDSECT sa=006
RX: RDSECT ta=001
RX: RDSECT pos=7936. len=256.
RX: RDSECT rx_xmit_es(0040)

RX: cmd=0403
RX: EMPBUF unit=0 den=D
RX: EMPBUF wc=200
RX: EMPBUF rx_xmit_es(0000)

RX: cmd=0407
RX: RDSECT unit=0 den=D
RX: RDSECT sa=010
RX: RDSECT ta=001
RX: RDSECT pos=8448. len=256.
RX: RDSECT rx_xmit_es(0040)

RX: cmd=0403
RX: EMPBUF unit=0 den=D
RX: EMPBUF wc=200
RX: EMPBUF rx_xmit_es(0000)

RX: cmd=0407
RX: RDSECT unit=0 den=D
RX: RDSECT sa=012
RX: RDSECT ta=001
RX: RDSECT pos=8960. len=256.
RX: RDSECT rx_xmit_es(0040)

RX: cmd=0403
RX: EMPBUF unit=0 den=D
RX: EMPBUF wc=200
RX: EMPBUF rx_xmit_es(0000)

RX: cmd=0407
RX: RDSECT unit=0 den=D
RX: RDSECT sa=014
RX: RDSECT ta=001
RX: RDSECT pos=9472. len=256.
RX: RDSECT rx_xmit_es(0040)

RX: cmd=0403
RX: EMPBUF unit=0 den=D
RX: EMPBUF wc=200
RX: EMPBUF rx_xmit_es(0000)

RX: cmd=0407
RX: RDSECT unit=0 den=D
RX: RDSECT sa=016
RX: RDSECT ta=001
RX: RDSECT pos=9984. len=256.
RX: RDSECT rx_xmit_es(0040)

RX: cmd=0403
RX: EMPBUF unit=0 den=D
RX: EMPBUF wc=200
RX: EMPBUF rx_xmit_es(0000)

RX: cmd=0407
RX: RDSECT unit=0 den=D
RX: RDSECT sa=020
RX: RDSECT ta=001
RX: RDSECT pos=10496. len=256.
RX: RDSECT rx_xmit_es(0040)

RX: cmd=0403
RX: EMPBUF unit=0 den=D
RX: EMPBUF wc=200
RX: EMPBUF rx_xmit_es(0000)

RX: cmd=0407
RX: RDSECT unit=0 den=D
RX: RDSECT sa=022
RX: RDSECT ta=001
RX: RDSECT pos=11008. len=256.
RX: RDSECT rx_xmit_es(0040)

RX: cmd=0403
RX: EMPBUF unit=0 den=D
RX: EMPBUF wc=200
RX: EMPBUF rx_xmit_es(0000)

RX: cmd=0407
RX: RDSECT unit=0 den=D
RX: RDSECT sa=024
RX: RDSECT ta=001
RX: RDSECT pos=11520. len=256.
RX: RDSECT rx_xmit_es(0040)

RX: cmd=0403
RX: EMPBUF unit=0 den=D
RX: EMPBUF wc=200
RX: EMPBUF rx_xmit_es(0000)

RX: cmd=0407
RX: RDSECT unit=0 den=D
RX: RDSECT sa=026
RX: RDSECT ta=001
RX: RDSECT pos=12032. len=256.
RX: RDSECT rx_xmit_es(0040)

RX: cmd=0403
RX: EMPBUF unit=0 den=D
RX: EMPBUF wc=200
RX: EMPBUF rx_xmit_es(0000)

RX: cmd=0407
RX: RDSECT unit=0 den=D
RX: RDSECT sa=030
RX: RDSECT ta=001
RX: RDSECT pos=12544. len=256.
RX: RDSECT rx_xmit_es(0040)

RX: cmd=0403
RX: EMPBUF unit=0 den=D
RX: EMPBUF wc=200
RX: EMPBUF rx_xmit_es(0000)

RX: cmd=0407
RX: RDSECT unit=0 den=D
RX: RDSECT sa=032
RX: RDSECT ta=001
RX: RDSECT pos=13056. len=256.
RX: RDSECT rx_xmit_es(0040)

RX: cmd=0403
RX: EMPBUF unit=0 den=D
RX: EMPBUF wc=200
RX: EMPBUF rx_xmit_es(0000)

RX: cmd=0407
RX: RDSECT unit=0 den=D
RX: RDSECT sa=007
RX: RDSECT ta=002
RX: RDSECT pos=14848. len=256.
RX: RDSECT rx_xmit_es(0040)

RX: cmd=0403
RX: EMPBUF unit=0 den=D
RX: EMPBUF wc=200
RX: EMPBUF rx_xmit_es(0000)

RX: cmd=0407
RX: RDSECT unit=0 den=D
RX: RDSECT sa=011
RX: RDSECT ta=002
RX: RDSECT pos=15360. len=256.
RX: RDSECT rx_xmit_es(0040)

RX: cmd=0403
RX: EMPBUF unit=0 den=D
RX: EMPBUF wc=200
RX: EMPBUF rx_xmit_es(0000)

RX: cmd=0407
RX: RDSECT unit=0 den=D
RX: RDSECT sa=013
RX: RDSECT ta=002
RX: RDSECT pos=15872. len=256.
RX: RDSECT rx_xmit_es(0040)

RX: cmd=0403
RX: EMPBUF unit=0 den=D
RX: EMPBUF wc=200
RX: EMPBUF rx_xmit_es(0000)

RX: cmd=0407
RX: RDSECT unit=0 den=D
RX: RDSECT sa=015
RX: RDSECT ta=002
RX: RDSECT pos=16384. len=256.
RX: RDSECT rx_xmit_es(0040)

RX: cmd=0403
RX: EMPBUF unit=0 den=D
RX: EMPBUF wc=200
RX: EMPBUF rx_xmit_es(0000)

RX: cmd=0407
RX: RDSECT unit=0 den=D
RX: RDSECT sa=017
RX: RDSECT ta=002
RX: RDSECT pos=16896. len=256.
RX: RDSECT rx_xmit_es(0040)

RX: cmd=0403
RX: EMPBUF unit=0 den=D
RX: EMPBUF wc=200
RX: EMPBUF rx_xmit_es(0000)

RX: cmd=0407
RX: RDSECT unit=0 den=D
RX: RDSECT sa=021
RX: RDSECT ta=002
RX: RDSECT pos=17408. len=256.
RX: RDSECT rx_xmit_es(0040)

RX: cmd=0403
RX: EMPBUF unit=0 den=D
RX: EMPBUF wc=200
RX: EMPBUF rx_xmit_es(0000)

RX: cmd=0407
RX: RDSECT unit=0 den=D
RX: RDSECT sa=023
RX: RDSECT ta=002
RX: RDSECT pos=17920. len=256.
RX: RDSECT rx_xmit_es(0040)

RX: cmd=0403
RX: EMPBUF unit=0 den=D
RX: EMPBUF wc=200
RX: EMPBUF rx_xmit_es(0000)

RX: cmd=0407
RX: RDSECT unit=0 den=D
RX: RDSECT sa=025
RX: RDSECT ta=002
RX: RDSECT pos=18432. len=256.
RX: RDSECT rx_xmit_es(0040)

RX: cmd=0403
RX: EMPBUF unit=0 den=D
RX: EMPBUF wc=200
RX: EMPBUF rx_xmit_es(0000)

RX: cmd=0407
RX: RDSECT unit=0 den=D
RX: RDSECT sa=027
RX: RDSECT ta=002
RX: RDSECT pos=18944. len=256.
RX: RDSECT rx_xmit_es(0040)

RX: cmd=0403
RX: EMPBUF unit=0 den=D
RX: EMPBUF wc=200
RX: EMPBUF rx_xmit_es(0000)

RX: cmd=0407
RX: RDSECT unit=0 den=D
RX: RDSECT sa=031
RX: RDSECT ta=002
RX: RDSECT pos=19456. len=256.
RX: RDSECT rx_xmit_es(0040)

RX: cmd=0403
RX: EMPBUF unit=0 den=D
RX: EMPBUF wc=200
RX: EMPBUF rx_xmit_es(0000)

RX: cmd=0407
RX: RDSECT unit=0 den=D
RX: RDSECT sa=001
RX: RDSECT ta=002
RX: RDSECT pos=13312. len=256.
RX: RDSECT rx_xmit_es(0040)

RX: cmd=0403
RX: EMPBUF unit=0 den=D
RX: EMPBUF wc=200
RX: EMPBUF rx_xmit_es(0000)

RX: cmd=0407
RX: RDSECT unit=0 den=D
RX: RDSECT sa=003
RX: RDSECT ta=002
RX: RDSECT pos=13824. len=256.
RX: RDSECT rx_xmit_es(0040)

RX: cmd=0403
RX: EMPBUF unit=0 den=D
RX: EMPBUF wc=200
RX: EMPBUF rx_xmit_es(0000)

RX: cmd=0407
RX: RDSECT unit=0 den=D
RX: RDSECT sa=031
RX: RDSECT ta=003
RX: RDSECT pos=26112. len=256.
RX: RDSECT rx_xmit_es(0040)

RX: cmd=0403
RX: EMPBUF unit=0 den=D
RX: EMPBUF wc=200
RX: EMPBUF rx_xmit_es(0000)

RX: cmd=0407
RX: RDSECT unit=0 den=D
RX: RDSECT sa=001
RX: RDSECT ta=003
RX: RDSECT pos=19968. len=256.
RX: RDSECT rx_xmit_es(0040)

RX: cmd=0403
RX: EMPBUF unit=0 den=D
RX: EMPBUF wc=200
RX: EMPBUF rx_xmit_es(0000)

RX: cmd=0407
RX: RDSECT unit=0 den=D
RX: RDSECT sa=030
RX: RDSECT ta=003
RX: RDSECT pos=25856. len=256.
RX: RDSECT rx_xmit_es(0040)

RX: cmd=0403
RX: EMPBUF unit=0 den=D
RX: EMPBUF wc=200
RX: EMPBUF rx_xmit_es(0000)

RX: cmd=0407
RX: RDSECT unit=0 den=D
RX: RDSECT sa=032
RX: RDSECT ta=003
RX: RDSECT pos=26368. len=256.
RX: RDSECT rx_xmit_es(0040)

RX: cmd=0403
RX: EMPBUF unit=0 den=D
RX: EMPBUF wc=200
RX: EMPBUF rx_xmit_es(0000)

RX: cmd=0407
RX: RDSECT unit=0 den=D
RX: RDSECT sa=002
RX: RDSECT ta=003
RX: RDSECT pos=20224. len=256.
RX: RDSECT rx_xmit_es(0040)

RX: cmd=0403
RX: EMPBUF unit=0 den=D
RX: EMPBUF wc=200
RX: EMPBUF rx_xmit_es(0000)

RX: cmd=0407
RX: RDSECT unit=0 den=D
RX: RDSECT sa=004
RX: RDSECT ta=003
RX: RDSECT pos=20736. len=256.
RX: RDSECT rx_xmit_es(0040)

RX: cmd=0403
RX: EMPBUF unit=0 den=D
RX: EMPBUF wc=200
RX: EMPBUF rx_xmit_es(0000)

RX: cmd=0407
RX: RDSECT unit=0 den=D
RX: RDSECT sa=027
RX: RDSECT ta=004
RX: RDSECT pos=32256. len=256.
RX: RDSECT rx_xmit_es(0040)

RX: cmd=0403
RX: EMPBUF unit=0 den=D
RX: EMPBUF wc=200
RX: EMPBUF rx_xmit_es(0000)

RX: cmd=0407
RX: RDSECT unit=0 den=D
RX: RDSECT sa=031
RX: RDSECT ta=004
RX: RDSECT pos=32768. len=256.
RX: RDSECT rx_xmit_es(0040)

RX: cmd=0403
RX: EMPBUF unit=0 den=D
RX: EMPBUF wc=200
RX: EMPBUF rx_xmit_es(0000)

RX: cmd=0407
RX: RDSECT unit=0 den=D
RX: RDSECT sa=015
RX: RDSECT ta=001
RX: RDSECT pos=9728. len=256.
RX: RDSECT rx_xmit_es(0040)

RX: cmd=0403
RX: EMPBUF unit=0 den=D
RX: EMPBUF wc=200
RX: EMPBUF rx_xmit_es(0000)

RX: cmd=0407
RX: RDSECT unit=0 den=D
RX: RDSECT sa=017
RX: RDSECT ta=001
RX: RDSECT pos=10240. len=256.
RX: RDSECT rx_xmit_es(0040)

RX: cmd=0403
RX: EMPBUF unit=0 den=D
RX: EMPBUF wc=200
RX: EMPBUF rx_xmit_es(0000)

RX: cmd=0407
RX: RDSECT unit=0 den=D
RX: RDSECT sa=001
RX: RDSECT ta=004
RX: RDSECT pos=26624. len=256.
RX: RDSECT rx_xmit_es(0040)

RX: cmd=0403
RX: EMPBUF unit=0 den=D
RX: EMPBUF wc=200
RX: EMPBUF rx_xmit_es(0000)

RX: cmd=0407
RX: RDSECT unit=0 den=D
RX: RDSECT sa=003
RX: RDSECT ta=004
RX: RDSECT pos=27136. len=256.
RX: RDSECT rx_xmit_es(0040)

RX: cmd=0403
RX: EMPBUF unit=0 den=D
RX: EMPBUF wc=200
RX: EMPBUF rx_xmit_es(0000)

RX: cmd=0407
RX: RDSECT unit=0 den=D
RX: RDSECT sa=013
RX: RDSECT ta=005
RX: RDSECT pos=35840. len=256.
RX: RDSECT rx_xmit_es(0040)

RX: cmd=0403
RX: EMPBUF unit=0 den=D
RX: EMPBUF wc=200
RX: EMPBUF rx_xmit_es(0000)

RX: cmd=0407
RX: RDSECT unit=0 den=D
RX: RDSECT sa=015
RX: RDSECT ta=005
RX: RDSECT pos=36352. len=256.
RX: RDSECT rx_xmit_es(0040)

RX: cmd=0403
RX: EMPBUF unit=0 den=D
RX: EMPBUF wc=200
RX: EMPBUF rx_xmit_es(0000)

RX: cmd=0407
RX: RDSECT unit=0 den=D
RX: RDSECT sa=017
RX: RDSECT ta=005
RX: RDSECT pos=36864. len=256.
RX: RDSECT rx_xmit_es(0040)

RX: cmd=0403
RX: EMPBUF unit=0 den=D
RX: EMPBUF wc=200
RX: EMPBUF rx_xmit_es(0000)

RX: cmd=0407
RX: RDSECT unit=0 den=D
RX: RDSECT sa=021
RX: RDSECT ta=005
RX: RDSECT pos=37376. len=256.
RX: RDSECT rx_xmit_es(0040)

RX: cmd=0403
RX: EMPBUF unit=0 den=D
RX: EMPBUF wc=200
RX: EMPBUF rx_xmit_es(0000)

RX: cmd=0407
RX: RDSECT unit=0 den=D
RX: RDSECT sa=023
RX: RDSECT ta=005
RX: RDSECT pos=37888. len=256.
RX: RDSECT rx_xmit_es(0040)

RX: cmd=0403
RX: EMPBUF unit=0 den=D
RX: EMPBUF wc=200
RX: EMPBUF rx_xmit_es(0000)

RX: cmd=0407
RX: RDSECT unit=0 den=D
RX: RDSECT sa=025
RX: RDSECT ta=005
RX: RDSECT pos=38400. len=256.
RX: RDSECT rx_xmit_es(0040)

RX: cmd=0403
RX: EMPBUF unit=0 den=D
RX: EMPBUF wc=200
RX: EMPBUF rx_xmit_es(0000)

RX: cmd=0407
RX: RDSECT unit=0 den=D
RX: RDSECT sa=027
RX: RDSECT ta=005
RX: RDSECT pos=38912. len=256.
RX: RDSECT rx_xmit_es(0040)

RX: cmd=0403
RX: EMPBUF unit=0 den=D
RX: EMPBUF wc=200
RX: EMPBUF rx_xmit_es(0000)

RX: cmd=0407
RX: RDSECT unit=0 den=D
RX: RDSECT sa=032
RX: RDSECT ta=005
RX: RDSECT pos=39680. len=256.
RX: RDSECT rx_xmit_es(0040)

RX: cmd=0403
RX: EMPBUF unit=0 den=D
RX: EMPBUF wc=200
RX: EMPBUF rx_xmit_es(0000)

RX: cmd=0407
RX: RDSECT unit=0 den=D
RX: RDSECT sa=002
RX: RDSECT ta=005
RX: RDSECT pos=33536. len=256.
RX: RDSECT rx_xmit_es(0040)

RX: cmd=0403
RX: EMPBUF unit=0 den=D
RX: EMPBUF wc=200
RX: EMPBUF rx_xmit_es(0000)

RX: cmd=0407
RX: RDSECT unit=0 den=D
RX: RDSECT sa=004
RX: RDSECT ta=005
RX: RDSECT pos=34048. len=256.
RX: RDSECT rx_xmit_es(0040)

RX: cmd=0403
RX: EMPBUF unit=0 den=D
RX: EMPBUF wc=200
RX: EMPBUF rx_xmit_es(0000)

RX: cmd=0407
RX: RDSECT unit=0 den=D
RX: RDSECT sa=006
RX: RDSECT ta=005
RX: RDSECT pos=34560. len=256.
RX: RDSECT rx_xmit_es(0040)

RX: cmd=0403
RX: EMPBUF unit=0 den=D
RX: EMPBUF wc=200
RX: EMPBUF rx_xmit_es(0000)

RX: cmd=0407
RX: RDSECT unit=0 den=D
RX: RDSECT sa=010
RX: RDSECT ta=005
RX: RDSECT pos=35072. len=256.
RX: RDSECT rx_xmit_es(0040)

RX: cmd=0403
RX: EMPBUF unit=0 den=D
RX: EMPBUF wc=200
RX: EMPBUF rx_xmit_es(0000)

RX: cmd=0407
RX: RDSECT unit=0 den=D
RX: RDSECT sa=012
RX: RDSECT ta=005
RX: RDSECT pos=35584. len=256.
RX: RDSECT rx_xmit_es(0040)

RX: cmd=0403
RX: EMPBUF unit=0 den=D
RX: EMPBUF wc=200
RX: EMPBUF rx_xmit_es(0000)

RX: cmd=0407
RX: RDSECT unit=0 den=D
RX: RDSECT sa=014
RX: RDSECT ta=005
RX: RDSECT pos=36096. len=256.
RX: RDSECT rx_xmit_es(0040)

RX: cmd=0403
RX: EMPBUF unit=0 den=D
RX: EMPBUF wc=200
RX: EMPBUF rx_xmit_es(0000)

RX: cmd=0407
RX: RDSECT unit=0 den=D
RX: RDSECT sa=016
RX: RDSECT ta=005
RX: RDSECT pos=36608. len=256.
RX: RDSECT rx_xmit_es(0040)

RX: cmd=0403
RX: EMPBUF unit=0 den=D
RX: EMPBUF wc=200
RX: EMPBUF rx_xmit_es(0000)

RX: cmd=0407
RX: RDSECT unit=0 den=D
RX: RDSECT sa=020
RX: RDSECT ta=005
RX: RDSECT pos=37120. len=256.
RX: RDSECT rx_xmit_es(0040)

RX: cmd=0403
RX: EMPBUF unit=0 den=D
RX: EMPBUF wc=200
RX: EMPBUF rx_xmit_es(0000)

RX: cmd=0407
RX: RDSECT unit=0 den=D
RX: RDSECT sa=022
RX: RDSECT ta=005
RX: RDSECT pos=37632. len=256.
RX: RDSECT rx_xmit_es(0040)

RX: cmd=0403
RX: EMPBUF unit=0 den=D
RX: EMPBUF wc=200
RX: EMPBUF rx_xmit_es(0000)

RX: cmd=0407
RX: RDSECT unit=0 den=D
RX: RDSECT sa=024
RX: RDSECT ta=005
RX: RDSECT pos=38144. len=256.
RX: RDSECT rx_xmit_es(0040)

RX: cmd=0403
RX: EMPBUF unit=0 den=D
RX: EMPBUF wc=200
RX: EMPBUF rx_xmit_es(0000)

RX: cmd=0407
RX: RDSECT unit=0 den=D
RX: RDSECT sa=026
RX: RDSECT ta=005
RX: RDSECT pos=38656. len=256.
RX: RDSECT rx_xmit_es(0040)

RX: cmd=0403
RX: EMPBUF unit=0 den=D
RX: EMPBUF wc=200
RX: EMPBUF rx_xmit_es(0000)

RX: cmd=0407
RX: RDSECT unit=0 den=D
RX: RDSECT sa=030
RX: RDSECT ta=005
RX: RDSECT pos=39168. len=256.
RX: RDSECT rx_xmit_es(0040)

RX: cmd=0403
RX: EMPBUF unit=0 den=D
RX: EMPBUF wc=200
RX: EMPBUF rx_xmit_es(0000)

RX: cmd=0407
RX: RDSECT unit=0 den=D
RX: RDSECT sa=005
RX: RDSECT ta=006
RX: RDSECT pos=40960. len=256.
RX: RDSECT rx_xmit_es(0040)

RX: cmd=0403
RX: EMPBUF unit=0 den=D
RX: EMPBUF wc=200
RX: EMPBUF rx_xmit_es(0000)

RX: cmd=0407
RX: RDSECT unit=0 den=D
RX: RDSECT sa=007
RX: RDSECT ta=006
RX: RDSECT pos=41472. len=256.
RX: RDSECT rx_xmit_es(0040)

RX: cmd=0403
RX: EMPBUF unit=0 den=D
RX: EMPBUF wc=200
RX: EMPBUF rx_xmit_es(0000)

RX: cmd=0407
RX: RDSECT unit=0 den=D
RX: RDSECT sa=011
RX: RDSECT ta=006
RX: RDSECT pos=41984. len=256.
RX: RDSECT rx_xmit_es(0040)

RX: cmd=0403
RX: EMPBUF unit=0 den=D
RX: EMPBUF wc=200
RX: EMPBUF rx_xmit_es(0000)

RX: cmd=0407
RX: RDSECT unit=0 den=D
RX: RDSECT sa=013
RX: RDSECT ta=006
RX: RDSECT pos=42496. len=256.
RX: RDSECT rx_xmit_es(0040)

RX: cmd=0403
RX: EMPBUF unit=0 den=D
RX: EMPBUF wc=200
RX: EMPBUF rx_xmit_es(0000)

RX: cmd=0407
RX: RDSECT unit=0 den=D
RX: RDSECT sa=015
RX: RDSECT ta=006
RX: RDSECT pos=43008. len=256.
RX: RDSECT rx_xmit_es(0040)

RX: cmd=0403
RX: EMPBUF unit=0 den=D
RX: EMPBUF wc=200
RX: EMPBUF rx_xmit_es(0000)

RX: cmd=0407
RX: RDSECT unit=0 den=D
RX: RDSECT sa=017
RX: RDSECT ta=006
RX: RDSECT pos=43520. len=256.
RX: RDSECT rx_xmit_es(0040)

RX: cmd=0403
RX: EMPBUF unit=0 den=D
RX: EMPBUF wc=200
RX: EMPBUF rx_xmit_es(0000)

RX: cmd=0407
RX: RDSECT unit=0 den=D
RX: RDSECT sa=021
RX: RDSECT ta=006
RX: RDSECT pos=44032. len=256.
RX: RDSECT rx_xmit_es(0040)

RX: cmd=0403
RX: EMPBUF unit=0 den=D
RX: EMPBUF wc=200
RX: EMPBUF rx_xmit_es(0000)

RX: cmd=0407
RX: RDSECT unit=0 den=D
RX: RDSECT sa=023
RX: RDSECT ta=006
RX: RDSECT pos=44544. len=256.
RX: RDSECT rx_xmit_es(0040)

RX: cmd=0403
RX: EMPBUF unit=0 den=D
RX: EMPBUF wc=200
RX: EMPBUF rx_xmit_es(0000)

RX: cmd=0407
RX: RDSECT unit=0 den=D
RX: RDSECT sa=025
RX: RDSECT ta=006
RX: RDSECT pos=45056. len=256.
RX: RDSECT rx_xmit_es(0040)

RX: cmd=0403
RX: EMPBUF unit=0 den=D
RX: EMPBUF wc=200
RX: EMPBUF rx_xmit_es(0000)

RX: cmd=0407
RX: RDSECT unit=0 den=D
RX: RDSECT sa=027
RX: RDSECT ta=006
RX: RDSECT pos=45568. len=256.
RX: RDSECT rx_xmit_es(0040)

RX: cmd=0403
RX: EMPBUF unit=0 den=D
RX: EMPBUF wc=200
RX: EMPBUF rx_xmit_es(0000)

RX: cmd=0407
RX: RDSECT unit=0 den=D
RX: RDSECT sa=031
RX: RDSECT ta=006
RX: RDSECT pos=46080. len=256.
RX: RDSECT rx_xmit_es(0040)

RX: cmd=0403
RX: EMPBUF unit=0 den=D
RX: EMPBUF wc=200
RX: EMPBUF rx_xmit_es(0000)

RX: cmd=0407
RX: RDSECT unit=0 den=D
RX: RDSECT sa=001
RX: RDSECT ta=006
RX: RDSECT pos=39936. len=256.
RX: RDSECT rx_xmit_es(0040)

RX: cmd=0403
RX: EMPBUF unit=0 den=D
RX: EMPBUF wc=200
RX: EMPBUF rx_xmit_es(0000)

RX: cmd=0407
RX: RDSECT unit=0 den=D
RX: RDSECT sa=003
RX: RDSECT ta=006
RX: RDSECT pos=40448. len=256.
RX: RDSECT rx_xmit_es(0040)

RX: cmd=0403
RX: EMPBUF unit=0 den=D
RX: EMPBUF wc=200
RX: EMPBUF rx_xmit_es(0000)

RX: cmd=0407
RX: RDSECT unit=0 den=D
RX: RDSECT sa=006
RX: RDSECT ta=006
RX: RDSECT pos=41216. len=256.
RX: RDSECT rx_xmit_es(0040)

RX: cmd=0403
RX: EMPBUF unit=0 den=D
RX: EMPBUF wc=200
RX: EMPBUF rx_xmit_es(0000)

RX: cmd=0407
RX: RDSECT unit=0 den=D
RX: RDSECT sa=010
RX: RDSECT ta=006
RX: RDSECT pos=41728. len=256.
RX: RDSECT rx_xmit_es(0040)

RX: cmd=0403
RX: EMPBUF unit=0 den=D
RX: EMPBUF wc=200
RX: EMPBUF rx_xmit_es(0000)

RX: cmd=0407
RX: RDSECT unit=0 den=D
RX: RDSECT sa=012
RX: RDSECT ta=006
RX: RDSECT pos=42240. len=256.
RX: RDSECT rx_xmit_es(0040)

RX: cmd=0403
RX: EMPBUF unit=0 den=D
RX: EMPBUF wc=200
RX: EMPBUF rx_xmit_es(0000)

RX: cmd=0407
RX: RDSECT unit=0 den=D
RX: RDSECT sa=014
RX: RDSECT ta=006
RX: RDSECT pos=42752. len=256.
RX: RDSECT rx_xmit_es(0040)

RX: cmd=0403
RX: EMPBUF unit=0 den=D
RX: EMPBUF wc=200
RX: EMPBUF rx_xmit_es(0000)

RX: cmd=0407
RX: RDSECT unit=0 den=D
RX: RDSECT sa=016
RX: RDSECT ta=006
RX: RDSECT pos=43264. len=256.
RX: RDSECT rx_xmit_es(0040)

RX: cmd=0403
RX: EMPBUF unit=0 den=D
RX: EMPBUF wc=200
RX: EMPBUF rx_xmit_es(0000)

RX: cmd=0407
RX: RDSECT unit=0 den=D
RX: RDSECT sa=020
RX: RDSECT ta=006
RX: RDSECT pos=43776. len=256.
RX: RDSECT rx_xmit_es(0040)

RX: cmd=0403
RX: EMPBUF unit=0 den=D
RX: EMPBUF wc=200
RX: EMPBUF rx_xmit_es(0000)

RX: cmd=0407
RX: RDSECT unit=0 den=D
RX: RDSECT sa=022
RX: RDSECT ta=006
RX: RDSECT pos=44288. len=256.
RX: RDSECT rx_xmit_es(0040)

RX: cmd=0403
RX: EMPBUF unit=0 den=D
RX: EMPBUF wc=200
RX: EMPBUF rx_xmit_es(0000)

RX: cmd=0407
RX: RDSECT unit=0 den=D
RX: RDSECT sa=024
RX: RDSECT ta=006
RX: RDSECT pos=44800. len=256.
RX: RDSECT rx_xmit_es(0040)

RX: cmd=0403
RX: EMPBUF unit=0 den=D
RX: EMPBUF wc=200
RX: EMPBUF rx_xmit_es(0000)

RX: cmd=0407
RX: RDSECT unit=0 den=D
RX: RDSECT sa=026
RX: RDSECT ta=006
RX: RDSECT pos=45312. len=256.
RX: RDSECT rx_xmit_es(0040)

RX: cmd=0403
RX: EMPBUF unit=0 den=D
RX: EMPBUF wc=200
RX: EMPBUF rx_xmit_es(0000)

RX: cmd=0407
RX: RDSECT unit=0 den=D
RX: RDSECT sa=030
RX: RDSECT ta=006
RX: RDSECT pos=45824. len=256.
RX: RDSECT rx_xmit_es(0040)

RX: cmd=0403
RX: EMPBUF unit=0 den=D
RX: EMPBUF wc=200
RX: EMPBUF rx_xmit_es(0000)

RX: cmd=0407
RX: RDSECT unit=0 den=D
RX: RDSECT sa=032
RX: RDSECT ta=006
RX: RDSECT pos=46336. len=256.
RX: RDSECT rx_xmit_es(0040)

RX: cmd=0403
RX: EMPBUF unit=0 den=D
RX: EMPBUF wc=200
RX: EMPBUF rx_xmit_es(0000)

RX: cmd=0407
RX: RDSECT unit=0 den=D
RX: RDSECT sa=002
RX: RDSECT ta=006
RX: RDSECT pos=40192. len=256.
RX: RDSECT rx_xmit_es(0040)

RX: cmd=0403
RX: EMPBUF unit=0 den=D
RX: EMPBUF wc=200
RX: EMPBUF rx_xmit_es(0000)

RX: cmd=0407
RX: RDSECT unit=0 den=D
RX: RDSECT sa=004
RX: RDSECT ta=006
RX: RDSECT pos=40704. len=256.
RX: RDSECT rx_xmit_es(0040)

RX: cmd=0403
RX: EMPBUF unit=0 den=D
RX: EMPBUF wc=200
RX: EMPBUF rx_xmit_es(0000)

RX: cmd=0407
RX: RDSECT unit=0 den=D
RX: RDSECT sa=013
RX: RDSECT ta=007
RX: RDSECT pos=49152. len=256.
RX: RDSECT rx_xmit_es(0040)

RX: cmd=0403
RX: EMPBUF unit=0 den=D
RX: EMPBUF wc=200
RX: EMPBUF rx_xmit_es(0000)

RX: cmd=0407
RX: RDSECT unit=0 den=D
RX: RDSECT sa=015
RX: RDSECT ta=007
RX: RDSECT pos=49664. len=256.
RX: RDSECT rx_xmit_es(0040)

RX: cmd=0403
RX: EMPBUF unit=0 den=D
RX: EMPBUF wc=200
RX: EMPBUF rx_xmit_es(0000)

RX: cmd=0407
RX: RDSECT unit=0 den=D
RX: RDSECT sa=017
RX: RDSECT ta=007
RX: RDSECT pos=50176. len=256.
RX: RDSECT rx_xmit_es(0040)

RX: cmd=0403
RX: EMPBUF unit=0 den=D
RX: EMPBUF wc=200
RX: EMPBUF rx_xmit_es(0000)

RX: cmd=0407
RX: RDSECT unit=0 den=D
RX: RDSECT sa=021
RX: RDSECT ta=007
RX: RDSECT pos=50688. len=256.
RX: RDSECT rx_xmit_es(0040)

RX: cmd=0403
RX: EMPBUF unit=0 den=D
RX: EMPBUF wc=200
RX: EMPBUF rx_xmit_es(0000)

RX: cmd=0407
RX: RDSECT unit=0 den=D
RX: RDSECT sa=023
RX: RDSECT ta=007
RX: RDSECT pos=51200. len=256.
RX: RDSECT rx_xmit_es(0040)

RX: cmd=0403
RX: EMPBUF unit=0 den=D
RX: EMPBUF wc=200
RX: EMPBUF rx_xmit_es(0000)

RX: cmd=0407
RX: RDSECT unit=0 den=D
RX: RDSECT sa=025
RX: RDSECT ta=007
RX: RDSECT pos=51712. len=256.
RX: RDSECT rx_xmit_es(0040)

RX: cmd=0403
RX: EMPBUF unit=0 den=D
RX: EMPBUF wc=200
RX: EMPBUF rx_xmit_es(0000)

RX: cmd=0407
RX: RDSECT unit=0 den=D
RX: RDSECT sa=027
RX: RDSECT ta=007
RX: RDSECT pos=52224. len=256.
RX: RDSECT rx_xmit_es(0040)

RX: cmd=0403
RX: EMPBUF unit=0 den=D
RX: EMPBUF wc=200
RX: EMPBUF rx_xmit_es(0000)

RX: cmd=0407
RX: RDSECT unit=0 den=D
RX: RDSECT sa=031
RX: RDSECT ta=007
RX: RDSECT pos=52736. len=256.
RX: RDSECT rx_xmit_es(0040)

RX: cmd=0403
RX: EMPBUF unit=0 den=D
RX: EMPBUF wc=200
RX: EMPBUF rx_xmit_es(0000)

RX: cmd=0407
RX: RDSECT unit=0 den=D
RX: RDSECT sa=001
RX: RDSECT ta=007
RX: RDSECT pos=46592. len=256.
RX: RDSECT rx_xmit_es(0040)

RX: cmd=0403
RX: EMPBUF unit=0 den=D
RX: EMPBUF wc=200
RX: EMPBUF rx_xmit_es(0000)

RX: cmd=0407
RX: RDSECT unit=0 den=D
RX: RDSECT sa=003
RX: RDSECT ta=007
RX: RDSECT pos=47104. len=256.
RX: RDSECT rx_xmit_es(0040)

RX: cmd=0403
RX: EMPBUF unit=0 den=D
RX: EMPBUF wc=200
RX: EMPBUF rx_xmit_es(0000)

RX: cmd=0407
RX: RDSECT unit=0 den=D
RX: RDSECT sa=005
RX: RDSECT ta=007
RX: RDSECT pos=47616. len=256.
RX: RDSECT rx_xmit_es(0040)

RX: cmd=0403
RX: EMPBUF unit=0 den=D
RX: EMPBUF wc=200
RX: EMPBUF rx_xmit_es(0000)

RX: cmd=0407
RX: RDSECT unit=0 den=D
RX: RDSECT sa=007
RX: RDSECT ta=007
RX: RDSECT pos=48128. len=256.
RX: RDSECT rx_xmit_es(0040)

RX: cmd=0403
RX: EMPBUF unit=0 den=D
RX: EMPBUF wc=200
RX: EMPBUF rx_xmit_es(0000)

RX: cmd=0407
RX: RDSECT unit=0 den=D
RX: RDSECT sa=011
RX: RDSECT ta=007
RX: RDSECT pos=48640. len=256.
RX: RDSECT rx_xmit_es(0040)

RX: cmd=0403
RX: EMPBUF unit=0 den=D
RX: EMPBUF wc=200
RX: EMPBUF rx_xmit_es(0000)

RX: cmd=0407
RX: RDSECT unit=0 den=D
RX: RDSECT sa=014
RX: RDSECT ta=007
RX: RDSECT pos=49408. len=256.
RX: RDSECT rx_xmit_es(0040)

RX: cmd=0403
RX: EMPBUF unit=0 den=D
RX: EMPBUF wc=200
RX: EMPBUF rx_xmit_es(0000)

RX: cmd=0407
RX: RDSECT unit=0 den=D
RX: RDSECT sa=016
RX: RDSECT ta=007
RX: RDSECT pos=49920. len=256.
RX: RDSECT rx_xmit_es(0040)

RX: cmd=0403
RX: EMPBUF unit=0 den=D
RX: EMPBUF wc=200
RX: EMPBUF rx_xmit_es(0000)

RX: cmd=0407
RX: RDSECT unit=0 den=D
RX: RDSECT sa=020
RX: RDSECT ta=007
RX: RDSECT pos=50432. len=256.
RX: RDSECT rx_xmit_es(0040)

RX: cmd=0403
RX: EMPBUF unit=0 den=D
RX: EMPBUF wc=200
RX: EMPBUF rx_xmit_es(0000)

RX: cmd=0407
RX: RDSECT unit=0 den=D
RX: RDSECT sa=022
RX: RDSECT ta=007
RX: RDSECT pos=50944. len=256.
RX: RDSECT rx_xmit_es(0040)

RX: cmd=0403
RX: EMPBUF unit=0 den=D
RX: EMPBUF wc=200
RX: EMPBUF rx_xmit_es(0000)

RX: cmd=0407
RX: RDSECT unit=0 den=D
RX: RDSECT sa=024
RX: RDSECT ta=007
RX: RDSECT pos=51456. len=256.
RX: RDSECT rx_xmit_es(0040)

RX: cmd=0403
RX: EMPBUF unit=0 den=D
RX: EMPBUF wc=200
RX: EMPBUF rx_xmit_es(0000)

RX: cmd=0407
RX: RDSECT unit=0 den=D
RX: RDSECT sa=026
RX: RDSECT ta=007
RX: RDSECT pos=51968. len=256.
RX: RDSECT rx_xmit_es(0040)

RX: cmd=0403
RX: EMPBUF unit=0 den=D
RX: EMPBUF wc=200
RX: EMPBUF rx_xmit_es(0000)

RX: cmd=0407
RX: RDSECT unit=0 den=D
RX: RDSECT sa=030
RX: RDSECT ta=007
RX: RDSECT pos=52480. len=256.
RX: RDSECT rx_xmit_es(0040)

RX: cmd=0403
RX: EMPBUF unit=0 den=D
RX: EMPBUF wc=200
RX: EMPBUF rx_xmit_es(0000)

RX: cmd=0407
RX: RDSECT unit=0 den=D
RX: RDSECT sa=032
RX: RDSECT ta=007
RX: RDSECT pos=52992. len=256.
RX: RDSECT rx_xmit_es(0040)

RX: cmd=0403
RX: EMPBUF unit=0 den=D
RX: EMPBUF wc=200
RX: EMPBUF rx_xmit_es(0000)

RX: cmd=0407
RX: RDSECT unit=0 den=D
RX: RDSECT sa=002
RX: RDSECT ta=007
RX: RDSECT pos=46848. len=256.
RX: RDSECT rx_xmit_es(0040)

RX: cmd=0403
RX: EMPBUF unit=0 den=D
RX: EMPBUF wc=200
RX: EMPBUF rx_xmit_es(0000)

RX: cmd=0407
RX: RDSECT unit=0 den=D
RX: RDSECT sa=004
RX: RDSECT ta=007
RX: RDSECT pos=47360. len=256.
RX: RDSECT rx_xmit_es(0040)

RX: cmd=0403
RX: EMPBUF unit=0 den=D
RX: EMPBUF wc=200
RX: EMPBUF rx_xmit_es(0000)

RX: cmd=0407
RX: RDSECT unit=0 den=D
RX: RDSECT sa=006
RX: RDSECT ta=007
RX: RDSECT pos=47872. len=256.
RX: RDSECT rx_xmit_es(0040)

RX: cmd=0403
RX: EMPBUF unit=0 den=D
RX: EMPBUF wc=200
RX: EMPBUF rx_xmit_es(0000)

RX: cmd=0407
RX: RDSECT unit=0 den=D
RX: RDSECT sa=010
RX: RDSECT ta=007
RX: RDSECT pos=48384. len=256.
RX: RDSECT rx_xmit_es(0040)

RX: cmd=0403
RX: EMPBUF unit=0 den=D
RX: EMPBUF wc=200
RX: EMPBUF rx_xmit_es(0000)

RX: cmd=0407
RX: RDSECT unit=0 den=D
RX: RDSECT sa=012
RX: RDSECT ta=007
RX: RDSECT pos=48896. len=256.
RX: RDSECT rx_xmit_es(0040)

RX: cmd=0403
RX: EMPBUF unit=0 den=D
RX: EMPBUF wc=200
RX: EMPBUF rx_xmit_es(0000)

RX: cmd=0407
RX: RDSECT unit=0 den=D
RX: RDSECT sa=021
RX: RDSECT ta=010
RX: RDSECT pos=57344. len=256.
RX: RDSECT rx_xmit_es(0040)

RX: cmd=0403
RX: EMPBUF unit=0 den=D
RX: EMPBUF wc=200
RX: EMPBUF rx_xmit_es(0000)

RX: cmd=0407
RX: RDSECT unit=0 den=D
RX: RDSECT sa=023
RX: RDSECT ta=010
RX: RDSECT pos=57856. len=256.
RX: RDSECT rx_xmit_es(0040)

RX: cmd=0403
RX: EMPBUF unit=0 den=D
RX: EMPBUF wc=200
RX: EMPBUF rx_xmit_es(0000)

RX: cmd=0407
RX: RDSECT unit=0 den=D
RX: RDSECT sa=025
RX: RDSECT ta=010
RX: RDSECT pos=58368. len=256.
RX: RDSECT rx_xmit_es(0040)

RX: cmd=0403
RX: EMPBUF unit=0 den=D
RX: EMPBUF wc=200
RX: EMPBUF rx_xmit_es(0000)

RX: cmd=0407
RX: RDSECT unit=0 den=D
RX: RDSECT sa=027
RX: RDSECT ta=010
RX: RDSECT pos=58880. len=256.
RX: RDSECT rx_xmit_es(0040)

RX: cmd=0403
RX: EMPBUF unit=0 den=D
RX: EMPBUF wc=200
RX: EMPBUF rx_xmit_es(0000)

RX: cmd=0407
RX: RDSECT unit=0 den=D
RX: RDSECT sa=031
RX: RDSECT ta=010
RX: RDSECT pos=59392. len=256.
RX: RDSECT rx_xmit_es(0040)

RX: cmd=0403
RX: EMPBUF unit=0 den=D
RX: EMPBUF wc=200
RX: EMPBUF rx_xmit_es(0000)

RX: cmd=0407
RX: RDSECT unit=0 den=D
RX: RDSECT sa=001
RX: RDSECT ta=010
RX: RDSECT pos=53248. len=256.
RX: RDSECT rx_xmit_es(0040)

RX: cmd=0403
RX: EMPBUF unit=0 den=D
RX: EMPBUF wc=200
RX: EMPBUF rx_xmit_es(0000)

